2024-12-30T13:31:18.901-08:00  INFO 54816 --- [SpringProject] [main] c.example.demo.SpringProjectApplication  : Starting SpringProjectApplication using Java 22.0.2 with PID 54816 (/Users/sid/Spring/NoBS/target/classes started by sid in /Users/sid/Spring/NoBS)
2024-12-30T13:31:18.905-08:00  INFO 54816 --- [SpringProject] [main] c.example.demo.SpringProjectApplication  : No active profile set, falling back to 1 default profile: "default"
2024-12-30T13:31:19.235-08:00  INFO 54816 --- [SpringProject] [main] .s.d.r.c.RepositoryConfigurationDelegate : Multiple Spring Data modules found, entering strict repository configuration mode
2024-12-30T13:31:19.236-08:00  INFO 54816 --- [SpringProject] [main] .s.d.r.c.RepositoryConfigurationDelegate : Bootstrapping Spring Data JDBC repositories in DEFAULT mode.
2024-12-30T13:31:19.250-08:00  INFO 54816 --- [SpringProject] [main] .RepositoryConfigurationExtensionSupport : Spring Data JDBC - Could not safely identify store assignment for repository candidate interface com.example.demo.CatFactEntity.CatFactRepository; If you want this repository to be a JDBC repository, consider annotating your entities with one of these annotations: org.springframework.data.relational.core.mapping.Table.
2024-12-30T13:31:19.251-08:00  INFO 54816 --- [SpringProject] [main] .RepositoryConfigurationExtensionSupport : Spring Data JDBC - Could not safely identify store assignment for repository candidate interface com.example.demo.customer.repository.CustomerRepository; If you want this repository to be a JDBC repository, consider annotating your entities with one of these annotations: org.springframework.data.relational.core.mapping.Table.
2024-12-30T13:31:19.251-08:00  INFO 54816 --- [SpringProject] [main] .RepositoryConfigurationExtensionSupport : Spring Data JDBC - Could not safely identify store assignment for repository candidate interface com.example.demo.order.OrderRepository; If you want this repository to be a JDBC repository, consider annotating your entities with one of these annotations: org.springframework.data.relational.core.mapping.Table.
2024-12-30T13:31:19.252-08:00  INFO 54816 --- [SpringProject] [main] .RepositoryConfigurationExtensionSupport : Spring Data JDBC - Could not safely identify store assignment for repository candidate interface com.example.demo.product.repository.ProductRepository; If you want this repository to be a JDBC repository, consider annotating your entities with one of these annotations: org.springframework.data.relational.core.mapping.Table.
2024-12-30T13:31:19.252-08:00  INFO 54816 --- [SpringProject] [main] .RepositoryConfigurationExtensionSupport : Spring Data JDBC - Could not safely identify store assignment for repository candidate interface com.example.demo.user.UserRepository; If you want this repository to be a JDBC repository, consider annotating your entities with one of these annotations: org.springframework.data.relational.core.mapping.Table.
2024-12-30T13:31:19.253-08:00  INFO 54816 --- [SpringProject] [main] .s.d.r.c.RepositoryConfigurationDelegate : Finished Spring Data repository scanning in 14 ms. Found 0 JDBC repository interfaces.
2024-12-30T13:31:19.258-08:00  INFO 54816 --- [SpringProject] [main] .s.d.r.c.RepositoryConfigurationDelegate : Multiple Spring Data modules found, entering strict repository configuration mode
2024-12-30T13:31:19.258-08:00  INFO 54816 --- [SpringProject] [main] .s.d.r.c.RepositoryConfigurationDelegate : Bootstrapping Spring Data JPA repositories in DEFAULT mode.
2024-12-30T13:31:19.271-08:00  INFO 54816 --- [SpringProject] [main] .s.d.r.c.RepositoryConfigurationDelegate : Finished Spring Data repository scanning in 11 ms. Found 5 JPA repository interfaces.
2024-12-30T13:31:19.569-08:00  INFO 54816 --- [SpringProject] [main] o.s.b.w.embedded.tomcat.TomcatWebServer  : Tomcat initialized with port 8080 (http)
2024-12-30T13:31:19.576-08:00  INFO 54816 --- [SpringProject] [main] o.apache.catalina.core.StandardService   : Starting service [Tomcat]
2024-12-30T13:31:19.576-08:00  INFO 54816 --- [SpringProject] [main] o.apache.catalina.core.StandardEngine    : Starting Servlet engine: [Apache Tomcat/10.1.34]
2024-12-30T13:31:19.596-08:00  INFO 54816 --- [SpringProject] [main] o.a.c.c.C.[Tomcat].[localhost].[/]       : Initializing Spring embedded WebApplicationContext
2024-12-30T13:31:19.596-08:00  INFO 54816 --- [SpringProject] [main] w.s.c.ServletWebServerApplicationContext : Root WebApplicationContext: initialization completed in 659 ms
2024-12-30T13:31:19.680-08:00  INFO 54816 --- [SpringProject] [main] com.zaxxer.hikari.HikariDataSource       : HikariPool-1 - Starting...
2024-12-30T13:31:19.896-08:00  INFO 54816 --- [SpringProject] [main] com.zaxxer.hikari.pool.HikariPool        : HikariPool-1 - Added connection com.mysql.cj.jdbc.ConnectionImpl@5c4f4330
2024-12-30T13:31:19.897-08:00  INFO 54816 --- [SpringProject] [main] com.zaxxer.hikari.HikariDataSource       : HikariPool-1 - Start completed.
2024-12-30T13:31:19.925-08:00  INFO 54816 --- [SpringProject] [main] o.hibernate.jpa.internal.util.LogHelper  : HHH000204: Processing PersistenceUnitInfo [name: default]
2024-12-30T13:31:19.955-08:00  INFO 54816 --- [SpringProject] [main] org.hibernate.Version                    : HHH000412: Hibernate ORM core version 6.6.4.Final
2024-12-30T13:31:19.970-08:00  INFO 54816 --- [SpringProject] [main] o.h.c.internal.RegionFactoryInitiator    : HHH000026: Second-level cache disabled
2024-12-30T13:31:20.093-08:00  INFO 54816 --- [SpringProject] [main] o.s.o.j.p.SpringPersistenceUnitInfo      : No LoadTimeWeaver setup: ignoring JPA class transformer
2024-12-30T13:31:20.162-08:00  INFO 54816 --- [SpringProject] [main] org.hibernate.orm.connections.pooling    : HHH10001005: Database info:
	Database JDBC URL [Connecting through datasource 'HikariDataSource (HikariPool-1)']
	Database driver: undefined/unknown
	Database version: 8.0.40
	Autocommit mode: undefined/unknown
	Isolation level: undefined/unknown
	Minimum pool size: undefined/unknown
	Maximum pool size: undefined/unknown
2024-12-30T13:31:20.569-08:00  INFO 54816 --- [SpringProject] [main] o.h.e.t.j.p.i.JtaPlatformInitiator       : HHH000489: No JTA platform available (set 'hibernate.transaction.jta.platform' to enable JTA platform integration)
2024-12-30T13:31:20.570-08:00  INFO 54816 --- [SpringProject] [main] j.LocalContainerEntityManagerFactoryBean : Initialized JPA EntityManagerFactory for persistence unit 'default'
2024-12-30T13:31:20.768-08:00  INFO 54816 --- [SpringProject] [main] o.s.d.j.r.query.QueryEnhancerFactory     : Hibernate is in classpath; If applicable, HQL parser will be used.
2024-12-30T13:31:21.284-08:00  WARN 54816 --- [SpringProject] [main] JpaBaseConfiguration$JpaWebConfiguration : spring.jpa.open-in-view is enabled by default. Therefore, database queries may be performed during view rendering. Explicitly configure spring.jpa.open-in-view to disable this warning
2024-12-30T13:31:21.341-08:00  INFO 54816 --- [SpringProject] [main] r$InitializeUserDetailsManagerConfigurer : Global AuthenticationManager configured with UserDetailsService bean with name customUserDetailsService
2024-12-30T13:31:22.013-08:00  INFO 54816 --- [SpringProject] [main] o.s.b.w.embedded.tomcat.TomcatWebServer  : Tomcat started on port 8080 (http) with context path '/'
2024-12-30T13:31:22.022-08:00  INFO 54816 --- [SpringProject] [main] c.example.demo.SpringProjectApplication  : Started SpringProjectApplication in 3.337 seconds (process running for 3.704)
2024-12-30T13:31:35.091-08:00  INFO 54816 --- [SpringProject] [http-nio-8080-exec-2] o.a.c.c.C.[Tomcat].[localhost].[/]       : Initializing Spring DispatcherServlet 'dispatcherServlet'
2024-12-30T13:31:35.091-08:00  INFO 54816 --- [SpringProject] [http-nio-8080-exec-2] o.s.web.servlet.DispatcherServlet        : Initializing Servlet 'dispatcherServlet'
2024-12-30T13:31:35.093-08:00  INFO 54816 --- [SpringProject] [http-nio-8080-exec-2] o.s.web.servlet.DispatcherServlet        : Completed initialization in 2 ms
2024-12-30T13:31:50.507-08:00  INFO 54816 --- [SpringProject] [SpringApplicationShutdownHook] o.s.b.w.e.tomcat.GracefulShutdown        : Commencing graceful shutdown. Waiting for active requests to complete
2024-12-30T13:31:50.511-08:00  INFO 54816 --- [SpringProject] [tomcat-shutdown] o.s.b.w.e.tomcat.GracefulShutdown        : Graceful shutdown complete
2024-12-30T13:31:50.518-08:00  INFO 54816 --- [SpringProject] [SpringApplicationShutdownHook] j.LocalContainerEntityManagerFactoryBean : Closing JPA EntityManagerFactory for persistence unit 'default'
2024-12-30T13:31:50.521-08:00  INFO 54816 --- [SpringProject] [SpringApplicationShutdownHook] com.zaxxer.hikari.HikariDataSource       : HikariPool-1 - Shutdown initiated...
2024-12-30T13:31:50.528-08:00  INFO 54816 --- [SpringProject] [SpringApplicationShutdownHook] com.zaxxer.hikari.HikariDataSource       : HikariPool-1 - Shutdown completed.
2024-12-30T13:34:03.821-08:00  INFO 54839 --- [SpringProject] [main] c.example.demo.SpringProjectApplication  : Starting SpringProjectApplication using Java 22.0.2 with PID 54839 (/Users/sid/Spring/NoBS/target/classes started by sid in /Users/sid/Spring/NoBS)
2024-12-30T13:34:03.823-08:00  INFO 54839 --- [SpringProject] [main] c.example.demo.SpringProjectApplication  : No active profile set, falling back to 1 default profile: "default"
2024-12-30T13:34:04.142-08:00  INFO 54839 --- [SpringProject] [main] .s.d.r.c.RepositoryConfigurationDelegate : Multiple Spring Data modules found, entering strict repository configuration mode
2024-12-30T13:34:04.143-08:00  INFO 54839 --- [SpringProject] [main] .s.d.r.c.RepositoryConfigurationDelegate : Bootstrapping Spring Data JDBC repositories in DEFAULT mode.
2024-12-30T13:34:04.157-08:00  INFO 54839 --- [SpringProject] [main] .RepositoryConfigurationExtensionSupport : Spring Data JDBC - Could not safely identify store assignment for repository candidate interface com.example.demo.CatFactEntity.CatFactRepository; If you want this repository to be a JDBC repository, consider annotating your entities with one of these annotations: org.springframework.data.relational.core.mapping.Table.
2024-12-30T13:34:04.157-08:00  INFO 54839 --- [SpringProject] [main] .RepositoryConfigurationExtensionSupport : Spring Data JDBC - Could not safely identify store assignment for repository candidate interface com.example.demo.customer.repository.CustomerRepository; If you want this repository to be a JDBC repository, consider annotating your entities with one of these annotations: org.springframework.data.relational.core.mapping.Table.
2024-12-30T13:34:04.158-08:00  INFO 54839 --- [SpringProject] [main] .RepositoryConfigurationExtensionSupport : Spring Data JDBC - Could not safely identify store assignment for repository candidate interface com.example.demo.order.OrderRepository; If you want this repository to be a JDBC repository, consider annotating your entities with one of these annotations: org.springframework.data.relational.core.mapping.Table.
2024-12-30T13:34:04.158-08:00  INFO 54839 --- [SpringProject] [main] .RepositoryConfigurationExtensionSupport : Spring Data JDBC - Could not safely identify store assignment for repository candidate interface com.example.demo.product.repository.ProductRepository; If you want this repository to be a JDBC repository, consider annotating your entities with one of these annotations: org.springframework.data.relational.core.mapping.Table.
2024-12-30T13:34:04.159-08:00  INFO 54839 --- [SpringProject] [main] .RepositoryConfigurationExtensionSupport : Spring Data JDBC - Could not safely identify store assignment for repository candidate interface com.example.demo.user.UserRepository; If you want this repository to be a JDBC repository, consider annotating your entities with one of these annotations: org.springframework.data.relational.core.mapping.Table.
2024-12-30T13:34:04.159-08:00  INFO 54839 --- [SpringProject] [main] .s.d.r.c.RepositoryConfigurationDelegate : Finished Spring Data repository scanning in 14 ms. Found 0 JDBC repository interfaces.
2024-12-30T13:34:04.164-08:00  INFO 54839 --- [SpringProject] [main] .s.d.r.c.RepositoryConfigurationDelegate : Multiple Spring Data modules found, entering strict repository configuration mode
2024-12-30T13:34:04.164-08:00  INFO 54839 --- [SpringProject] [main] .s.d.r.c.RepositoryConfigurationDelegate : Bootstrapping Spring Data JPA repositories in DEFAULT mode.
2024-12-30T13:34:04.178-08:00  INFO 54839 --- [SpringProject] [main] .s.d.r.c.RepositoryConfigurationDelegate : Finished Spring Data repository scanning in 11 ms. Found 5 JPA repository interfaces.
2024-12-30T13:34:04.472-08:00  INFO 54839 --- [SpringProject] [main] o.s.b.w.embedded.tomcat.TomcatWebServer  : Tomcat initialized with port 8080 (http)
2024-12-30T13:34:04.481-08:00  INFO 54839 --- [SpringProject] [main] o.apache.catalina.core.StandardService   : Starting service [Tomcat]
2024-12-30T13:34:04.481-08:00  INFO 54839 --- [SpringProject] [main] o.apache.catalina.core.StandardEngine    : Starting Servlet engine: [Apache Tomcat/10.1.34]
2024-12-30T13:34:04.504-08:00  INFO 54839 --- [SpringProject] [main] o.a.c.c.C.[Tomcat].[localhost].[/]       : Initializing Spring embedded WebApplicationContext
2024-12-30T13:34:04.504-08:00  INFO 54839 --- [SpringProject] [main] w.s.c.ServletWebServerApplicationContext : Root WebApplicationContext: initialization completed in 657 ms
2024-12-30T13:34:04.584-08:00  INFO 54839 --- [SpringProject] [main] com.zaxxer.hikari.HikariDataSource       : HikariPool-1 - Starting...
2024-12-30T13:34:04.730-08:00  INFO 54839 --- [SpringProject] [main] com.zaxxer.hikari.pool.HikariPool        : HikariPool-1 - Added connection com.mysql.cj.jdbc.ConnectionImpl@586843bc
2024-12-30T13:34:04.731-08:00  INFO 54839 --- [SpringProject] [main] com.zaxxer.hikari.HikariDataSource       : HikariPool-1 - Start completed.
2024-12-30T13:34:04.755-08:00  INFO 54839 --- [SpringProject] [main] o.hibernate.jpa.internal.util.LogHelper  : HHH000204: Processing PersistenceUnitInfo [name: default]
2024-12-30T13:34:04.783-08:00  INFO 54839 --- [SpringProject] [main] org.hibernate.Version                    : HHH000412: Hibernate ORM core version 6.6.4.Final
2024-12-30T13:34:04.797-08:00  INFO 54839 --- [SpringProject] [main] o.h.c.internal.RegionFactoryInitiator    : HHH000026: Second-level cache disabled
2024-12-30T13:34:04.915-08:00  INFO 54839 --- [SpringProject] [main] o.s.o.j.p.SpringPersistenceUnitInfo      : No LoadTimeWeaver setup: ignoring JPA class transformer
2024-12-30T13:34:04.974-08:00  INFO 54839 --- [SpringProject] [main] org.hibernate.orm.connections.pooling    : HHH10001005: Database info:
	Database JDBC URL [Connecting through datasource 'HikariDataSource (HikariPool-1)']
	Database driver: undefined/unknown
	Database version: 8.0.40
	Autocommit mode: undefined/unknown
	Isolation level: undefined/unknown
	Minimum pool size: undefined/unknown
	Maximum pool size: undefined/unknown
2024-12-30T13:34:05.383-08:00  INFO 54839 --- [SpringProject] [main] o.h.e.t.j.p.i.JtaPlatformInitiator       : HHH000489: No JTA platform available (set 'hibernate.transaction.jta.platform' to enable JTA platform integration)
2024-12-30T13:34:05.385-08:00  INFO 54839 --- [SpringProject] [main] j.LocalContainerEntityManagerFactoryBean : Initialized JPA EntityManagerFactory for persistence unit 'default'
2024-12-30T13:34:05.579-08:00  INFO 54839 --- [SpringProject] [main] o.s.d.j.r.query.QueryEnhancerFactory     : Hibernate is in classpath; If applicable, HQL parser will be used.
2024-12-30T13:34:05.987-08:00  WARN 54839 --- [SpringProject] [main] JpaBaseConfiguration$JpaWebConfiguration : spring.jpa.open-in-view is enabled by default. Therefore, database queries may be performed during view rendering. Explicitly configure spring.jpa.open-in-view to disable this warning
2024-12-30T13:34:06.030-08:00  INFO 54839 --- [SpringProject] [main] r$InitializeUserDetailsManagerConfigurer : Global AuthenticationManager configured with UserDetailsService bean with name customUserDetailsService
2024-12-30T13:34:06.452-08:00  INFO 54839 --- [SpringProject] [main] o.s.b.w.embedded.tomcat.TomcatWebServer  : Tomcat started on port 8080 (http) with context path '/'
2024-12-30T13:34:06.457-08:00  INFO 54839 --- [SpringProject] [main] c.example.demo.SpringProjectApplication  : Started SpringProjectApplication in 2.862 seconds (process running for 3.182)
2024-12-30T13:34:10.411-08:00  INFO 54839 --- [SpringProject] [http-nio-8080-exec-2] o.a.c.c.C.[Tomcat].[localhost].[/]       : Initializing Spring DispatcherServlet 'dispatcherServlet'
2024-12-30T13:34:10.411-08:00  INFO 54839 --- [SpringProject] [http-nio-8080-exec-2] o.s.web.servlet.DispatcherServlet        : Initializing Servlet 'dispatcherServlet'
2024-12-30T13:34:10.412-08:00  INFO 54839 --- [SpringProject] [http-nio-8080-exec-2] o.s.web.servlet.DispatcherServlet        : Completed initialization in 1 ms
2024-12-30T13:35:04.554-08:00  INFO 54839 --- [SpringProject] [SpringApplicationShutdownHook] o.s.b.w.e.tomcat.GracefulShutdown        : Commencing graceful shutdown. Waiting for active requests to complete
2024-12-30T13:35:04.560-08:00  INFO 54839 --- [SpringProject] [tomcat-shutdown] o.s.b.w.e.tomcat.GracefulShutdown        : Graceful shutdown complete
2024-12-30T13:35:04.565-08:00  INFO 54839 --- [SpringProject] [SpringApplicationShutdownHook] j.LocalContainerEntityManagerFactoryBean : Closing JPA EntityManagerFactory for persistence unit 'default'
2024-12-30T13:35:04.568-08:00  INFO 54839 --- [SpringProject] [SpringApplicationShutdownHook] com.zaxxer.hikari.HikariDataSource       : HikariPool-1 - Shutdown initiated...
2024-12-30T13:35:04.581-08:00  INFO 54839 --- [SpringProject] [SpringApplicationShutdownHook] com.zaxxer.hikari.HikariDataSource       : HikariPool-1 - Shutdown completed.
2024-12-30T13:38:14.794-08:00  INFO 54901 --- [SpringProject] [main] c.example.demo.SpringProjectApplication  : Starting SpringProjectApplication using Java 22.0.2 with PID 54901 (/Users/sid/Spring/NoBS/target/classes started by sid in /Users/sid/Spring/NoBS)
2024-12-30T13:38:14.795-08:00  INFO 54901 --- [SpringProject] [main] c.example.demo.SpringProjectApplication  : No active profile set, falling back to 1 default profile: "default"
2024-12-30T13:38:15.113-08:00  INFO 54901 --- [SpringProject] [main] .s.d.r.c.RepositoryConfigurationDelegate : Multiple Spring Data modules found, entering strict repository configuration mode
2024-12-30T13:38:15.114-08:00  INFO 54901 --- [SpringProject] [main] .s.d.r.c.RepositoryConfigurationDelegate : Bootstrapping Spring Data JDBC repositories in DEFAULT mode.
2024-12-30T13:38:15.127-08:00  INFO 54901 --- [SpringProject] [main] .RepositoryConfigurationExtensionSupport : Spring Data JDBC - Could not safely identify store assignment for repository candidate interface com.example.demo.CatFactEntity.CatFactRepository; If you want this repository to be a JDBC repository, consider annotating your entities with one of these annotations: org.springframework.data.relational.core.mapping.Table.
2024-12-30T13:38:15.128-08:00  INFO 54901 --- [SpringProject] [main] .RepositoryConfigurationExtensionSupport : Spring Data JDBC - Could not safely identify store assignment for repository candidate interface com.example.demo.customer.repository.CustomerRepository; If you want this repository to be a JDBC repository, consider annotating your entities with one of these annotations: org.springframework.data.relational.core.mapping.Table.
2024-12-30T13:38:15.128-08:00  INFO 54901 --- [SpringProject] [main] .RepositoryConfigurationExtensionSupport : Spring Data JDBC - Could not safely identify store assignment for repository candidate interface com.example.demo.order.OrderRepository; If you want this repository to be a JDBC repository, consider annotating your entities with one of these annotations: org.springframework.data.relational.core.mapping.Table.
2024-12-30T13:38:15.129-08:00  INFO 54901 --- [SpringProject] [main] .RepositoryConfigurationExtensionSupport : Spring Data JDBC - Could not safely identify store assignment for repository candidate interface com.example.demo.product.repository.ProductRepository; If you want this repository to be a JDBC repository, consider annotating your entities with one of these annotations: org.springframework.data.relational.core.mapping.Table.
2024-12-30T13:38:15.129-08:00  INFO 54901 --- [SpringProject] [main] .RepositoryConfigurationExtensionSupport : Spring Data JDBC - Could not safely identify store assignment for repository candidate interface com.example.demo.user.UserRepository; If you want this repository to be a JDBC repository, consider annotating your entities with one of these annotations: org.springframework.data.relational.core.mapping.Table.
2024-12-30T13:38:15.129-08:00  INFO 54901 --- [SpringProject] [main] .s.d.r.c.RepositoryConfigurationDelegate : Finished Spring Data repository scanning in 13 ms. Found 0 JDBC repository interfaces.
2024-12-30T13:38:15.134-08:00  INFO 54901 --- [SpringProject] [main] .s.d.r.c.RepositoryConfigurationDelegate : Multiple Spring Data modules found, entering strict repository configuration mode
2024-12-30T13:38:15.135-08:00  INFO 54901 --- [SpringProject] [main] .s.d.r.c.RepositoryConfigurationDelegate : Bootstrapping Spring Data JPA repositories in DEFAULT mode.
2024-12-30T13:38:15.148-08:00  INFO 54901 --- [SpringProject] [main] .s.d.r.c.RepositoryConfigurationDelegate : Finished Spring Data repository scanning in 11 ms. Found 5 JPA repository interfaces.
2024-12-30T13:38:15.438-08:00  INFO 54901 --- [SpringProject] [main] o.s.b.w.embedded.tomcat.TomcatWebServer  : Tomcat initialized with port 8080 (http)
2024-12-30T13:38:15.449-08:00  INFO 54901 --- [SpringProject] [main] o.apache.catalina.core.StandardService   : Starting service [Tomcat]
2024-12-30T13:38:15.449-08:00  INFO 54901 --- [SpringProject] [main] o.apache.catalina.core.StandardEngine    : Starting Servlet engine: [Apache Tomcat/10.1.34]
2024-12-30T13:38:15.468-08:00  INFO 54901 --- [SpringProject] [main] o.a.c.c.C.[Tomcat].[localhost].[/]       : Initializing Spring embedded WebApplicationContext
2024-12-30T13:38:15.469-08:00  INFO 54901 --- [SpringProject] [main] w.s.c.ServletWebServerApplicationContext : Root WebApplicationContext: initialization completed in 649 ms
2024-12-30T13:38:15.548-08:00  INFO 54901 --- [SpringProject] [main] com.zaxxer.hikari.HikariDataSource       : HikariPool-1 - Starting...
2024-12-30T13:38:15.717-08:00  INFO 54901 --- [SpringProject] [main] com.zaxxer.hikari.pool.HikariPool        : HikariPool-1 - Added connection com.mysql.cj.jdbc.ConnectionImpl@4ff66917
2024-12-30T13:38:15.718-08:00  INFO 54901 --- [SpringProject] [main] com.zaxxer.hikari.HikariDataSource       : HikariPool-1 - Start completed.
2024-12-30T13:38:15.744-08:00  INFO 54901 --- [SpringProject] [main] o.hibernate.jpa.internal.util.LogHelper  : HHH000204: Processing PersistenceUnitInfo [name: default]
2024-12-30T13:38:15.772-08:00  INFO 54901 --- [SpringProject] [main] org.hibernate.Version                    : HHH000412: Hibernate ORM core version 6.6.4.Final
2024-12-30T13:38:15.787-08:00  INFO 54901 --- [SpringProject] [main] o.h.c.internal.RegionFactoryInitiator    : HHH000026: Second-level cache disabled
2024-12-30T13:38:15.907-08:00  INFO 54901 --- [SpringProject] [main] o.s.o.j.p.SpringPersistenceUnitInfo      : No LoadTimeWeaver setup: ignoring JPA class transformer
2024-12-30T13:38:15.964-08:00  INFO 54901 --- [SpringProject] [main] org.hibernate.orm.connections.pooling    : HHH10001005: Database info:
	Database JDBC URL [Connecting through datasource 'HikariDataSource (HikariPool-1)']
	Database driver: undefined/unknown
	Database version: 8.0.40
	Autocommit mode: undefined/unknown
	Isolation level: undefined/unknown
	Minimum pool size: undefined/unknown
	Maximum pool size: undefined/unknown
2024-12-30T13:38:16.374-08:00  INFO 54901 --- [SpringProject] [main] o.h.e.t.j.p.i.JtaPlatformInitiator       : HHH000489: No JTA platform available (set 'hibernate.transaction.jta.platform' to enable JTA platform integration)
2024-12-30T13:38:16.375-08:00  INFO 54901 --- [SpringProject] [main] j.LocalContainerEntityManagerFactoryBean : Initialized JPA EntityManagerFactory for persistence unit 'default'
2024-12-30T13:38:16.582-08:00  INFO 54901 --- [SpringProject] [main] o.s.d.j.r.query.QueryEnhancerFactory     : Hibernate is in classpath; If applicable, HQL parser will be used.
2024-12-30T13:38:16.989-08:00  WARN 54901 --- [SpringProject] [main] JpaBaseConfiguration$JpaWebConfiguration : spring.jpa.open-in-view is enabled by default. Therefore, database queries may be performed during view rendering. Explicitly configure spring.jpa.open-in-view to disable this warning
2024-12-30T13:38:17.032-08:00  INFO 54901 --- [SpringProject] [main] r$InitializeUserDetailsManagerConfigurer : Global AuthenticationManager configured with UserDetailsService bean with name customUserDetailsService
2024-12-30T13:38:17.525-08:00  INFO 54901 --- [SpringProject] [main] o.s.b.w.embedded.tomcat.TomcatWebServer  : Tomcat started on port 8080 (http) with context path '/'
2024-12-30T13:38:17.532-08:00  INFO 54901 --- [SpringProject] [main] c.example.demo.SpringProjectApplication  : Started SpringProjectApplication in 2.941 seconds (process running for 3.343)
2024-12-30T13:38:20.164-08:00  INFO 54901 --- [SpringProject] [http-nio-8080-exec-1] o.a.c.c.C.[Tomcat].[localhost].[/]       : Initializing Spring DispatcherServlet 'dispatcherServlet'
2024-12-30T13:38:20.165-08:00  INFO 54901 --- [SpringProject] [http-nio-8080-exec-1] o.s.web.servlet.DispatcherServlet        : Initializing Servlet 'dispatcherServlet'
2024-12-30T13:38:20.168-08:00  INFO 54901 --- [SpringProject] [http-nio-8080-exec-1] o.s.web.servlet.DispatcherServlet        : Completed initialization in 3 ms
2024-12-30T13:38:45.282-08:00  INFO 54901 --- [SpringProject] [SpringApplicationShutdownHook] o.s.b.w.e.tomcat.GracefulShutdown        : Commencing graceful shutdown. Waiting for active requests to complete
2024-12-30T13:38:45.287-08:00  INFO 54901 --- [SpringProject] [tomcat-shutdown] o.s.b.w.e.tomcat.GracefulShutdown        : Graceful shutdown complete
2024-12-30T13:38:45.292-08:00  INFO 54901 --- [SpringProject] [SpringApplicationShutdownHook] j.LocalContainerEntityManagerFactoryBean : Closing JPA EntityManagerFactory for persistence unit 'default'
2024-12-30T13:38:45.295-08:00  INFO 54901 --- [SpringProject] [SpringApplicationShutdownHook] com.zaxxer.hikari.HikariDataSource       : HikariPool-1 - Shutdown initiated...
2024-12-30T13:38:45.301-08:00  INFO 54901 --- [SpringProject] [SpringApplicationShutdownHook] com.zaxxer.hikari.HikariDataSource       : HikariPool-1 - Shutdown completed.
2024-12-30T13:42:46.118-08:00  INFO 54959 --- [SpringProject] [main] c.example.demo.SpringProjectApplication  : Starting SpringProjectApplication using Java 22.0.2 with PID 54959 (/Users/sid/Spring/NoBS/target/classes started by sid in /Users/sid/Spring/NoBS)
2024-12-30T13:42:46.119-08:00  INFO 54959 --- [SpringProject] [main] c.example.demo.SpringProjectApplication  : No active profile set, falling back to 1 default profile: "default"
2024-12-30T13:42:46.441-08:00  INFO 54959 --- [SpringProject] [main] .s.d.r.c.RepositoryConfigurationDelegate : Multiple Spring Data modules found, entering strict repository configuration mode
2024-12-30T13:42:46.442-08:00  INFO 54959 --- [SpringProject] [main] .s.d.r.c.RepositoryConfigurationDelegate : Bootstrapping Spring Data JDBC repositories in DEFAULT mode.
2024-12-30T13:42:46.457-08:00  INFO 54959 --- [SpringProject] [main] .RepositoryConfigurationExtensionSupport : Spring Data JDBC - Could not safely identify store assignment for repository candidate interface com.example.demo.CatFactEntity.CatFactRepository; If you want this repository to be a JDBC repository, consider annotating your entities with one of these annotations: org.springframework.data.relational.core.mapping.Table.
2024-12-30T13:42:46.457-08:00  INFO 54959 --- [SpringProject] [main] .RepositoryConfigurationExtensionSupport : Spring Data JDBC - Could not safely identify store assignment for repository candidate interface com.example.demo.customer.repository.CustomerRepository; If you want this repository to be a JDBC repository, consider annotating your entities with one of these annotations: org.springframework.data.relational.core.mapping.Table.
2024-12-30T13:42:46.458-08:00  INFO 54959 --- [SpringProject] [main] .RepositoryConfigurationExtensionSupport : Spring Data JDBC - Could not safely identify store assignment for repository candidate interface com.example.demo.order.OrderRepository; If you want this repository to be a JDBC repository, consider annotating your entities with one of these annotations: org.springframework.data.relational.core.mapping.Table.
2024-12-30T13:42:46.458-08:00  INFO 54959 --- [SpringProject] [main] .RepositoryConfigurationExtensionSupport : Spring Data JDBC - Could not safely identify store assignment for repository candidate interface com.example.demo.product.repository.ProductRepository; If you want this repository to be a JDBC repository, consider annotating your entities with one of these annotations: org.springframework.data.relational.core.mapping.Table.
2024-12-30T13:42:46.459-08:00  INFO 54959 --- [SpringProject] [main] .RepositoryConfigurationExtensionSupport : Spring Data JDBC - Could not safely identify store assignment for repository candidate interface com.example.demo.user.UserRepository; If you want this repository to be a JDBC repository, consider annotating your entities with one of these annotations: org.springframework.data.relational.core.mapping.Table.
2024-12-30T13:42:46.459-08:00  INFO 54959 --- [SpringProject] [main] .s.d.r.c.RepositoryConfigurationDelegate : Finished Spring Data repository scanning in 15 ms. Found 0 JDBC repository interfaces.
2024-12-30T13:42:46.464-08:00  INFO 54959 --- [SpringProject] [main] .s.d.r.c.RepositoryConfigurationDelegate : Multiple Spring Data modules found, entering strict repository configuration mode
2024-12-30T13:42:46.464-08:00  INFO 54959 --- [SpringProject] [main] .s.d.r.c.RepositoryConfigurationDelegate : Bootstrapping Spring Data JPA repositories in DEFAULT mode.
2024-12-30T13:42:46.478-08:00  INFO 54959 --- [SpringProject] [main] .s.d.r.c.RepositoryConfigurationDelegate : Finished Spring Data repository scanning in 11 ms. Found 5 JPA repository interfaces.
2024-12-30T13:42:46.767-08:00  INFO 54959 --- [SpringProject] [main] o.s.b.w.embedded.tomcat.TomcatWebServer  : Tomcat initialized with port 8080 (http)
2024-12-30T13:42:46.774-08:00  INFO 54959 --- [SpringProject] [main] o.apache.catalina.core.StandardService   : Starting service [Tomcat]
2024-12-30T13:42:46.774-08:00  INFO 54959 --- [SpringProject] [main] o.apache.catalina.core.StandardEngine    : Starting Servlet engine: [Apache Tomcat/10.1.34]
2024-12-30T13:42:46.794-08:00  INFO 54959 --- [SpringProject] [main] o.a.c.c.C.[Tomcat].[localhost].[/]       : Initializing Spring embedded WebApplicationContext
2024-12-30T13:42:46.794-08:00  INFO 54959 --- [SpringProject] [main] w.s.c.ServletWebServerApplicationContext : Root WebApplicationContext: initialization completed in 654 ms
2024-12-30T13:42:46.868-08:00  INFO 54959 --- [SpringProject] [main] com.zaxxer.hikari.HikariDataSource       : HikariPool-1 - Starting...
2024-12-30T13:42:47.019-08:00  INFO 54959 --- [SpringProject] [main] com.zaxxer.hikari.pool.HikariPool        : HikariPool-1 - Added connection com.mysql.cj.jdbc.ConnectionImpl@38f617f4
2024-12-30T13:42:47.020-08:00  INFO 54959 --- [SpringProject] [main] com.zaxxer.hikari.HikariDataSource       : HikariPool-1 - Start completed.
2024-12-30T13:42:47.046-08:00  INFO 54959 --- [SpringProject] [main] o.hibernate.jpa.internal.util.LogHelper  : HHH000204: Processing PersistenceUnitInfo [name: default]
2024-12-30T13:42:47.073-08:00  INFO 54959 --- [SpringProject] [main] org.hibernate.Version                    : HHH000412: Hibernate ORM core version 6.6.4.Final
2024-12-30T13:42:47.088-08:00  INFO 54959 --- [SpringProject] [main] o.h.c.internal.RegionFactoryInitiator    : HHH000026: Second-level cache disabled
2024-12-30T13:42:47.206-08:00  INFO 54959 --- [SpringProject] [main] o.s.o.j.p.SpringPersistenceUnitInfo      : No LoadTimeWeaver setup: ignoring JPA class transformer
2024-12-30T13:42:47.261-08:00  INFO 54959 --- [SpringProject] [main] org.hibernate.orm.connections.pooling    : HHH10001005: Database info:
	Database JDBC URL [Connecting through datasource 'HikariDataSource (HikariPool-1)']
	Database driver: undefined/unknown
	Database version: 8.0.40
	Autocommit mode: undefined/unknown
	Isolation level: undefined/unknown
	Minimum pool size: undefined/unknown
	Maximum pool size: undefined/unknown
2024-12-30T13:42:47.658-08:00  INFO 54959 --- [SpringProject] [main] o.h.e.t.j.p.i.JtaPlatformInitiator       : HHH000489: No JTA platform available (set 'hibernate.transaction.jta.platform' to enable JTA platform integration)
2024-12-30T13:42:47.659-08:00  INFO 54959 --- [SpringProject] [main] j.LocalContainerEntityManagerFactoryBean : Initialized JPA EntityManagerFactory for persistence unit 'default'
2024-12-30T13:42:47.853-08:00  INFO 54959 --- [SpringProject] [main] o.s.d.j.r.query.QueryEnhancerFactory     : Hibernate is in classpath; If applicable, HQL parser will be used.
2024-12-30T13:42:48.280-08:00  WARN 54959 --- [SpringProject] [main] JpaBaseConfiguration$JpaWebConfiguration : spring.jpa.open-in-view is enabled by default. Therefore, database queries may be performed during view rendering. Explicitly configure spring.jpa.open-in-view to disable this warning
2024-12-30T13:42:48.308-08:00  INFO 54959 --- [SpringProject] [main] r$InitializeUserDetailsManagerConfigurer : Global AuthenticationManager configured with UserDetailsService bean with name customUserDetailsService
2024-12-30T13:42:48.713-08:00  INFO 54959 --- [SpringProject] [main] o.s.b.w.embedded.tomcat.TomcatWebServer  : Tomcat started on port 8080 (http) with context path '/'
2024-12-30T13:42:48.721-08:00  INFO 54959 --- [SpringProject] [main] c.example.demo.SpringProjectApplication  : Started SpringProjectApplication in 2.799 seconds (process running for 3.096)
2024-12-30T13:42:56.034-08:00  INFO 54959 --- [SpringProject] [http-nio-8080-exec-1] o.a.c.c.C.[Tomcat].[localhost].[/]       : Initializing Spring DispatcherServlet 'dispatcherServlet'
2024-12-30T13:42:56.034-08:00  INFO 54959 --- [SpringProject] [http-nio-8080-exec-1] o.s.web.servlet.DispatcherServlet        : Initializing Servlet 'dispatcherServlet'
2024-12-30T13:42:56.037-08:00  INFO 54959 --- [SpringProject] [http-nio-8080-exec-1] o.s.web.servlet.DispatcherServlet        : Completed initialization in 2 ms
2024-12-30T13:43:04.870-08:00  INFO 54959 --- [SpringProject] [SpringApplicationShutdownHook] o.s.b.w.e.tomcat.GracefulShutdown        : Commencing graceful shutdown. Waiting for active requests to complete
2024-12-30T13:43:04.873-08:00  INFO 54959 --- [SpringProject] [tomcat-shutdown] o.s.b.w.e.tomcat.GracefulShutdown        : Graceful shutdown complete
2024-12-30T13:43:04.876-08:00  INFO 54959 --- [SpringProject] [SpringApplicationShutdownHook] j.LocalContainerEntityManagerFactoryBean : Closing JPA EntityManagerFactory for persistence unit 'default'
2024-12-30T13:43:04.878-08:00  INFO 54959 --- [SpringProject] [SpringApplicationShutdownHook] com.zaxxer.hikari.HikariDataSource       : HikariPool-1 - Shutdown initiated...
2024-12-30T13:43:04.882-08:00  INFO 54959 --- [SpringProject] [SpringApplicationShutdownHook] com.zaxxer.hikari.HikariDataSource       : HikariPool-1 - Shutdown completed.
2024-12-30T14:04:50.268-08:00  INFO 55209 --- [SpringProject] [main] c.example.demo.SpringProjectApplication  : Starting SpringProjectApplication using Java 22.0.2 with PID 55209 (/Users/sid/Spring/NoBS/target/classes started by sid in /Users/sid/Spring/NoBS)
2024-12-30T14:04:50.269-08:00  INFO 55209 --- [SpringProject] [main] c.example.demo.SpringProjectApplication  : No active profile set, falling back to 1 default profile: "default"
2024-12-30T14:04:50.621-08:00  INFO 55209 --- [SpringProject] [main] .s.d.r.c.RepositoryConfigurationDelegate : Multiple Spring Data modules found, entering strict repository configuration mode
2024-12-30T14:04:50.622-08:00  INFO 55209 --- [SpringProject] [main] .s.d.r.c.RepositoryConfigurationDelegate : Bootstrapping Spring Data JDBC repositories in DEFAULT mode.
2024-12-30T14:04:50.635-08:00  INFO 55209 --- [SpringProject] [main] .RepositoryConfigurationExtensionSupport : Spring Data JDBC - Could not safely identify store assignment for repository candidate interface com.example.demo.CatFactEntity.CatFactRepository; If you want this repository to be a JDBC repository, consider annotating your entities with one of these annotations: org.springframework.data.relational.core.mapping.Table.
2024-12-30T14:04:50.636-08:00  INFO 55209 --- [SpringProject] [main] .RepositoryConfigurationExtensionSupport : Spring Data JDBC - Could not safely identify store assignment for repository candidate interface com.example.demo.customer.repository.CustomerRepository; If you want this repository to be a JDBC repository, consider annotating your entities with one of these annotations: org.springframework.data.relational.core.mapping.Table.
2024-12-30T14:04:50.636-08:00  INFO 55209 --- [SpringProject] [main] .RepositoryConfigurationExtensionSupport : Spring Data JDBC - Could not safely identify store assignment for repository candidate interface com.example.demo.order.OrderRepository; If you want this repository to be a JDBC repository, consider annotating your entities with one of these annotations: org.springframework.data.relational.core.mapping.Table.
2024-12-30T14:04:50.637-08:00  INFO 55209 --- [SpringProject] [main] .RepositoryConfigurationExtensionSupport : Spring Data JDBC - Could not safely identify store assignment for repository candidate interface com.example.demo.product.repository.ProductRepository; If you want this repository to be a JDBC repository, consider annotating your entities with one of these annotations: org.springframework.data.relational.core.mapping.Table.
2024-12-30T14:04:50.637-08:00  INFO 55209 --- [SpringProject] [main] .RepositoryConfigurationExtensionSupport : Spring Data JDBC - Could not safely identify store assignment for repository candidate interface com.example.demo.user.UserRepository; If you want this repository to be a JDBC repository, consider annotating your entities with one of these annotations: org.springframework.data.relational.core.mapping.Table.
2024-12-30T14:04:50.637-08:00  INFO 55209 --- [SpringProject] [main] .s.d.r.c.RepositoryConfigurationDelegate : Finished Spring Data repository scanning in 13 ms. Found 0 JDBC repository interfaces.
2024-12-30T14:04:50.642-08:00  INFO 55209 --- [SpringProject] [main] .s.d.r.c.RepositoryConfigurationDelegate : Multiple Spring Data modules found, entering strict repository configuration mode
2024-12-30T14:04:50.643-08:00  INFO 55209 --- [SpringProject] [main] .s.d.r.c.RepositoryConfigurationDelegate : Bootstrapping Spring Data JPA repositories in DEFAULT mode.
2024-12-30T14:04:50.656-08:00  INFO 55209 --- [SpringProject] [main] .s.d.r.c.RepositoryConfigurationDelegate : Finished Spring Data repository scanning in 11 ms. Found 5 JPA repository interfaces.
2024-12-30T14:04:50.941-08:00  INFO 55209 --- [SpringProject] [main] o.s.b.w.embedded.tomcat.TomcatWebServer  : Tomcat initialized with port 8080 (http)
2024-12-30T14:04:50.949-08:00  INFO 55209 --- [SpringProject] [main] o.apache.catalina.core.StandardService   : Starting service [Tomcat]
2024-12-30T14:04:50.949-08:00  INFO 55209 --- [SpringProject] [main] o.apache.catalina.core.StandardEngine    : Starting Servlet engine: [Apache Tomcat/10.1.34]
2024-12-30T14:04:50.968-08:00  INFO 55209 --- [SpringProject] [main] o.a.c.c.C.[Tomcat].[localhost].[/]       : Initializing Spring embedded WebApplicationContext
2024-12-30T14:04:50.968-08:00  INFO 55209 --- [SpringProject] [main] w.s.c.ServletWebServerApplicationContext : Root WebApplicationContext: initialization completed in 672 ms
2024-12-30T14:04:51.044-08:00  INFO 55209 --- [SpringProject] [main] com.zaxxer.hikari.HikariDataSource       : HikariPool-1 - Starting...
2024-12-30T14:04:51.259-08:00  INFO 55209 --- [SpringProject] [main] com.zaxxer.hikari.pool.HikariPool        : HikariPool-1 - Added connection com.mysql.cj.jdbc.ConnectionImpl@53bb71e5
2024-12-30T14:04:51.260-08:00  INFO 55209 --- [SpringProject] [main] com.zaxxer.hikari.HikariDataSource       : HikariPool-1 - Start completed.
2024-12-30T14:04:51.287-08:00  INFO 55209 --- [SpringProject] [main] o.hibernate.jpa.internal.util.LogHelper  : HHH000204: Processing PersistenceUnitInfo [name: default]
2024-12-30T14:04:51.316-08:00  INFO 55209 --- [SpringProject] [main] org.hibernate.Version                    : HHH000412: Hibernate ORM core version 6.6.4.Final
2024-12-30T14:04:51.332-08:00  INFO 55209 --- [SpringProject] [main] o.h.c.internal.RegionFactoryInitiator    : HHH000026: Second-level cache disabled
2024-12-30T14:04:51.447-08:00  INFO 55209 --- [SpringProject] [main] o.s.o.j.p.SpringPersistenceUnitInfo      : No LoadTimeWeaver setup: ignoring JPA class transformer
2024-12-30T14:04:51.527-08:00  INFO 55209 --- [SpringProject] [main] org.hibernate.orm.connections.pooling    : HHH10001005: Database info:
	Database JDBC URL [Connecting through datasource 'HikariDataSource (HikariPool-1)']
	Database driver: undefined/unknown
	Database version: 8.0.40
	Autocommit mode: undefined/unknown
	Isolation level: undefined/unknown
	Minimum pool size: undefined/unknown
	Maximum pool size: undefined/unknown
2024-12-30T14:04:51.931-08:00  INFO 55209 --- [SpringProject] [main] o.h.e.t.j.p.i.JtaPlatformInitiator       : HHH000489: No JTA platform available (set 'hibernate.transaction.jta.platform' to enable JTA platform integration)
2024-12-30T14:04:51.933-08:00  INFO 55209 --- [SpringProject] [main] j.LocalContainerEntityManagerFactoryBean : Initialized JPA EntityManagerFactory for persistence unit 'default'
2024-12-30T14:04:52.131-08:00  INFO 55209 --- [SpringProject] [main] o.s.d.j.r.query.QueryEnhancerFactory     : Hibernate is in classpath; If applicable, HQL parser will be used.
2024-12-30T14:04:52.536-08:00  WARN 55209 --- [SpringProject] [main] JpaBaseConfiguration$JpaWebConfiguration : spring.jpa.open-in-view is enabled by default. Therefore, database queries may be performed during view rendering. Explicitly configure spring.jpa.open-in-view to disable this warning
2024-12-30T14:04:52.586-08:00  INFO 55209 --- [SpringProject] [main] r$InitializeUserDetailsManagerConfigurer : Global AuthenticationManager configured with UserDetailsService bean with name customUserDetailsService
2024-12-30T14:04:52.999-08:00  INFO 55209 --- [SpringProject] [main] o.s.b.w.embedded.tomcat.TomcatWebServer  : Tomcat started on port 8080 (http) with context path '/'
2024-12-30T14:04:53.007-08:00  INFO 55209 --- [SpringProject] [main] c.example.demo.SpringProjectApplication  : Started SpringProjectApplication in 3.019 seconds (process running for 3.446)
2024-12-30T14:05:01.735-08:00  INFO 55209 --- [SpringProject] [http-nio-8080-exec-2] o.a.c.c.C.[Tomcat].[localhost].[/]       : Initializing Spring DispatcherServlet 'dispatcherServlet'
2024-12-30T14:05:01.735-08:00  INFO 55209 --- [SpringProject] [http-nio-8080-exec-2] o.s.web.servlet.DispatcherServlet        : Initializing Servlet 'dispatcherServlet'
2024-12-30T14:05:01.738-08:00  INFO 55209 --- [SpringProject] [http-nio-8080-exec-2] o.s.web.servlet.DispatcherServlet        : Completed initialization in 2 ms
2024-12-30T14:05:01.761-08:00  WARN 55209 --- [SpringProject] [http-nio-8080-exec-2] .w.s.m.s.DefaultHandlerExceptionResolver : Resolved [org.springframework.web.HttpRequestMethodNotSupportedException: Request method 'POST' is not supported]
2024-12-30T14:05:07.173-08:00  INFO 55209 --- [SpringProject] [SpringApplicationShutdownHook] o.s.b.w.e.tomcat.GracefulShutdown        : Commencing graceful shutdown. Waiting for active requests to complete
2024-12-30T14:05:07.175-08:00  INFO 55209 --- [SpringProject] [tomcat-shutdown] o.s.b.w.e.tomcat.GracefulShutdown        : Graceful shutdown complete
2024-12-30T14:05:07.179-08:00  INFO 55209 --- [SpringProject] [SpringApplicationShutdownHook] j.LocalContainerEntityManagerFactoryBean : Closing JPA EntityManagerFactory for persistence unit 'default'
2024-12-30T14:05:07.181-08:00  INFO 55209 --- [SpringProject] [SpringApplicationShutdownHook] com.zaxxer.hikari.HikariDataSource       : HikariPool-1 - Shutdown initiated...
2024-12-30T14:05:07.185-08:00  INFO 55209 --- [SpringProject] [SpringApplicationShutdownHook] com.zaxxer.hikari.HikariDataSource       : HikariPool-1 - Shutdown completed.
2024-12-30T14:06:01.362-08:00  INFO 55222 --- [SpringProject] [main] c.example.demo.SpringProjectApplication  : Starting SpringProjectApplication using Java 22.0.2 with PID 55222 (/Users/sid/Spring/NoBS/target/classes started by sid in /Users/sid/Spring/NoBS)
2024-12-30T14:06:01.363-08:00  INFO 55222 --- [SpringProject] [main] c.example.demo.SpringProjectApplication  : No active profile set, falling back to 1 default profile: "default"
2024-12-30T14:06:01.679-08:00  INFO 55222 --- [SpringProject] [main] .s.d.r.c.RepositoryConfigurationDelegate : Multiple Spring Data modules found, entering strict repository configuration mode
2024-12-30T14:06:01.680-08:00  INFO 55222 --- [SpringProject] [main] .s.d.r.c.RepositoryConfigurationDelegate : Bootstrapping Spring Data JDBC repositories in DEFAULT mode.
2024-12-30T14:06:01.694-08:00  INFO 55222 --- [SpringProject] [main] .RepositoryConfigurationExtensionSupport : Spring Data JDBC - Could not safely identify store assignment for repository candidate interface com.example.demo.CatFactEntity.CatFactRepository; If you want this repository to be a JDBC repository, consider annotating your entities with one of these annotations: org.springframework.data.relational.core.mapping.Table.
2024-12-30T14:06:01.695-08:00  INFO 55222 --- [SpringProject] [main] .RepositoryConfigurationExtensionSupport : Spring Data JDBC - Could not safely identify store assignment for repository candidate interface com.example.demo.customer.repository.CustomerRepository; If you want this repository to be a JDBC repository, consider annotating your entities with one of these annotations: org.springframework.data.relational.core.mapping.Table.
2024-12-30T14:06:01.695-08:00  INFO 55222 --- [SpringProject] [main] .RepositoryConfigurationExtensionSupport : Spring Data JDBC - Could not safely identify store assignment for repository candidate interface com.example.demo.order.OrderRepository; If you want this repository to be a JDBC repository, consider annotating your entities with one of these annotations: org.springframework.data.relational.core.mapping.Table.
2024-12-30T14:06:01.696-08:00  INFO 55222 --- [SpringProject] [main] .RepositoryConfigurationExtensionSupport : Spring Data JDBC - Could not safely identify store assignment for repository candidate interface com.example.demo.product.repository.ProductRepository; If you want this repository to be a JDBC repository, consider annotating your entities with one of these annotations: org.springframework.data.relational.core.mapping.Table.
2024-12-30T14:06:01.696-08:00  INFO 55222 --- [SpringProject] [main] .RepositoryConfigurationExtensionSupport : Spring Data JDBC - Could not safely identify store assignment for repository candidate interface com.example.demo.user.UserRepository; If you want this repository to be a JDBC repository, consider annotating your entities with one of these annotations: org.springframework.data.relational.core.mapping.Table.
2024-12-30T14:06:01.696-08:00  INFO 55222 --- [SpringProject] [main] .s.d.r.c.RepositoryConfigurationDelegate : Finished Spring Data repository scanning in 14 ms. Found 0 JDBC repository interfaces.
2024-12-30T14:06:01.701-08:00  INFO 55222 --- [SpringProject] [main] .s.d.r.c.RepositoryConfigurationDelegate : Multiple Spring Data modules found, entering strict repository configuration mode
2024-12-30T14:06:01.702-08:00  INFO 55222 --- [SpringProject] [main] .s.d.r.c.RepositoryConfigurationDelegate : Bootstrapping Spring Data JPA repositories in DEFAULT mode.
2024-12-30T14:06:01.715-08:00  INFO 55222 --- [SpringProject] [main] .s.d.r.c.RepositoryConfigurationDelegate : Finished Spring Data repository scanning in 11 ms. Found 5 JPA repository interfaces.
2024-12-30T14:06:02.018-08:00  INFO 55222 --- [SpringProject] [main] o.s.b.w.embedded.tomcat.TomcatWebServer  : Tomcat initialized with port 8080 (http)
2024-12-30T14:06:02.025-08:00  INFO 55222 --- [SpringProject] [main] o.apache.catalina.core.StandardService   : Starting service [Tomcat]
2024-12-30T14:06:02.025-08:00  INFO 55222 --- [SpringProject] [main] o.apache.catalina.core.StandardEngine    : Starting Servlet engine: [Apache Tomcat/10.1.34]
2024-12-30T14:06:02.045-08:00  INFO 55222 --- [SpringProject] [main] o.a.c.c.C.[Tomcat].[localhost].[/]       : Initializing Spring embedded WebApplicationContext
2024-12-30T14:06:02.045-08:00  INFO 55222 --- [SpringProject] [main] w.s.c.ServletWebServerApplicationContext : Root WebApplicationContext: initialization completed in 659 ms
2024-12-30T14:06:02.120-08:00  INFO 55222 --- [SpringProject] [main] com.zaxxer.hikari.HikariDataSource       : HikariPool-1 - Starting...
2024-12-30T14:06:02.271-08:00  INFO 55222 --- [SpringProject] [main] com.zaxxer.hikari.pool.HikariPool        : HikariPool-1 - Added connection com.mysql.cj.jdbc.ConnectionImpl@6775c0d1
2024-12-30T14:06:02.272-08:00  INFO 55222 --- [SpringProject] [main] com.zaxxer.hikari.HikariDataSource       : HikariPool-1 - Start completed.
2024-12-30T14:06:02.297-08:00  INFO 55222 --- [SpringProject] [main] o.hibernate.jpa.internal.util.LogHelper  : HHH000204: Processing PersistenceUnitInfo [name: default]
2024-12-30T14:06:02.321-08:00  INFO 55222 --- [SpringProject] [main] org.hibernate.Version                    : HHH000412: Hibernate ORM core version 6.6.4.Final
2024-12-30T14:06:02.334-08:00  INFO 55222 --- [SpringProject] [main] o.h.c.internal.RegionFactoryInitiator    : HHH000026: Second-level cache disabled
2024-12-30T14:06:02.444-08:00  INFO 55222 --- [SpringProject] [main] o.s.o.j.p.SpringPersistenceUnitInfo      : No LoadTimeWeaver setup: ignoring JPA class transformer
2024-12-30T14:06:02.500-08:00  INFO 55222 --- [SpringProject] [main] org.hibernate.orm.connections.pooling    : HHH10001005: Database info:
	Database JDBC URL [Connecting through datasource 'HikariDataSource (HikariPool-1)']
	Database driver: undefined/unknown
	Database version: 8.0.40
	Autocommit mode: undefined/unknown
	Isolation level: undefined/unknown
	Minimum pool size: undefined/unknown
	Maximum pool size: undefined/unknown
2024-12-30T14:06:02.918-08:00  INFO 55222 --- [SpringProject] [main] o.h.e.t.j.p.i.JtaPlatformInitiator       : HHH000489: No JTA platform available (set 'hibernate.transaction.jta.platform' to enable JTA platform integration)
2024-12-30T14:06:02.919-08:00  INFO 55222 --- [SpringProject] [main] j.LocalContainerEntityManagerFactoryBean : Initialized JPA EntityManagerFactory for persistence unit 'default'
2024-12-30T14:06:03.130-08:00  INFO 55222 --- [SpringProject] [main] o.s.d.j.r.query.QueryEnhancerFactory     : Hibernate is in classpath; If applicable, HQL parser will be used.
2024-12-30T14:06:03.543-08:00  WARN 55222 --- [SpringProject] [main] JpaBaseConfiguration$JpaWebConfiguration : spring.jpa.open-in-view is enabled by default. Therefore, database queries may be performed during view rendering. Explicitly configure spring.jpa.open-in-view to disable this warning
2024-12-30T14:06:03.584-08:00  INFO 55222 --- [SpringProject] [main] r$InitializeUserDetailsManagerConfigurer : Global AuthenticationManager configured with UserDetailsService bean with name customUserDetailsService
2024-12-30T14:06:04.011-08:00  INFO 55222 --- [SpringProject] [main] o.s.b.w.embedded.tomcat.TomcatWebServer  : Tomcat started on port 8080 (http) with context path '/'
2024-12-30T14:06:04.019-08:00  INFO 55222 --- [SpringProject] [main] c.example.demo.SpringProjectApplication  : Started SpringProjectApplication in 2.849 seconds (process running for 3.21)
2024-12-30T14:06:07.322-08:00  INFO 55222 --- [SpringProject] [http-nio-8080-exec-2] o.a.c.c.C.[Tomcat].[localhost].[/]       : Initializing Spring DispatcherServlet 'dispatcherServlet'
2024-12-30T14:06:07.322-08:00  INFO 55222 --- [SpringProject] [http-nio-8080-exec-2] o.s.web.servlet.DispatcherServlet        : Initializing Servlet 'dispatcherServlet'
2024-12-30T14:06:07.324-08:00  INFO 55222 --- [SpringProject] [http-nio-8080-exec-2] o.s.web.servlet.DispatcherServlet        : Completed initialization in 2 ms
2024-12-30T14:06:07.344-08:00  WARN 55222 --- [SpringProject] [http-nio-8080-exec-2] .w.s.m.s.DefaultHandlerExceptionResolver : Resolved [org.springframework.web.HttpRequestMethodNotSupportedException: Request method 'POST' is not supported]
2024-12-30T14:06:23.446-08:00  WARN 55222 --- [SpringProject] [http-nio-8080-exec-3] .w.s.m.s.DefaultHandlerExceptionResolver : Resolved [org.springframework.web.HttpRequestMethodNotSupportedException: Request method 'POST' is not supported]
2024-12-30T14:06:26.788-08:00  WARN 55222 --- [SpringProject] [http-nio-8080-exec-4] .w.s.m.s.DefaultHandlerExceptionResolver : Resolved [org.springframework.web.HttpRequestMethodNotSupportedException: Request method 'POST' is not supported]
2024-12-30T14:06:29.970-08:00  INFO 55222 --- [SpringProject] [SpringApplicationShutdownHook] o.s.b.w.e.tomcat.GracefulShutdown        : Commencing graceful shutdown. Waiting for active requests to complete
2024-12-30T14:06:29.973-08:00  INFO 55222 --- [SpringProject] [tomcat-shutdown] o.s.b.w.e.tomcat.GracefulShutdown        : Graceful shutdown complete
2024-12-30T14:06:29.977-08:00  INFO 55222 --- [SpringProject] [SpringApplicationShutdownHook] j.LocalContainerEntityManagerFactoryBean : Closing JPA EntityManagerFactory for persistence unit 'default'
2024-12-30T14:06:29.980-08:00  INFO 55222 --- [SpringProject] [SpringApplicationShutdownHook] com.zaxxer.hikari.HikariDataSource       : HikariPool-1 - Shutdown initiated...
2024-12-30T14:06:29.986-08:00  INFO 55222 --- [SpringProject] [SpringApplicationShutdownHook] com.zaxxer.hikari.HikariDataSource       : HikariPool-1 - Shutdown completed.
2024-12-30T14:10:25.572-08:00  INFO 55335 --- [SpringProject] [main] c.example.demo.SpringProjectApplication  : Starting SpringProjectApplication using Java 22.0.2 with PID 55335 (/Users/sid/Spring/NoBS/target/classes started by sid in /Users/sid/Spring/NoBS)
2024-12-30T14:10:25.573-08:00  INFO 55335 --- [SpringProject] [main] c.example.demo.SpringProjectApplication  : No active profile set, falling back to 1 default profile: "default"
2024-12-30T14:10:25.902-08:00  INFO 55335 --- [SpringProject] [main] .s.d.r.c.RepositoryConfigurationDelegate : Multiple Spring Data modules found, entering strict repository configuration mode
2024-12-30T14:10:25.902-08:00  INFO 55335 --- [SpringProject] [main] .s.d.r.c.RepositoryConfigurationDelegate : Bootstrapping Spring Data JDBC repositories in DEFAULT mode.
2024-12-30T14:10:25.915-08:00  INFO 55335 --- [SpringProject] [main] .RepositoryConfigurationExtensionSupport : Spring Data JDBC - Could not safely identify store assignment for repository candidate interface com.example.demo.CatFactEntity.CatFactRepository; If you want this repository to be a JDBC repository, consider annotating your entities with one of these annotations: org.springframework.data.relational.core.mapping.Table.
2024-12-30T14:10:25.916-08:00  INFO 55335 --- [SpringProject] [main] .RepositoryConfigurationExtensionSupport : Spring Data JDBC - Could not safely identify store assignment for repository candidate interface com.example.demo.customer.repository.CustomerRepository; If you want this repository to be a JDBC repository, consider annotating your entities with one of these annotations: org.springframework.data.relational.core.mapping.Table.
2024-12-30T14:10:25.916-08:00  INFO 55335 --- [SpringProject] [main] .RepositoryConfigurationExtensionSupport : Spring Data JDBC - Could not safely identify store assignment for repository candidate interface com.example.demo.order.OrderRepository; If you want this repository to be a JDBC repository, consider annotating your entities with one of these annotations: org.springframework.data.relational.core.mapping.Table.
2024-12-30T14:10:25.917-08:00  INFO 55335 --- [SpringProject] [main] .RepositoryConfigurationExtensionSupport : Spring Data JDBC - Could not safely identify store assignment for repository candidate interface com.example.demo.product.repository.ProductRepository; If you want this repository to be a JDBC repository, consider annotating your entities with one of these annotations: org.springframework.data.relational.core.mapping.Table.
2024-12-30T14:10:25.917-08:00  INFO 55335 --- [SpringProject] [main] .RepositoryConfigurationExtensionSupport : Spring Data JDBC - Could not safely identify store assignment for repository candidate interface com.example.demo.user.UserRepository; If you want this repository to be a JDBC repository, consider annotating your entities with one of these annotations: org.springframework.data.relational.core.mapping.Table.
2024-12-30T14:10:25.917-08:00  INFO 55335 --- [SpringProject] [main] .s.d.r.c.RepositoryConfigurationDelegate : Finished Spring Data repository scanning in 13 ms. Found 0 JDBC repository interfaces.
2024-12-30T14:10:25.922-08:00  INFO 55335 --- [SpringProject] [main] .s.d.r.c.RepositoryConfigurationDelegate : Multiple Spring Data modules found, entering strict repository configuration mode
2024-12-30T14:10:25.922-08:00  INFO 55335 --- [SpringProject] [main] .s.d.r.c.RepositoryConfigurationDelegate : Bootstrapping Spring Data JPA repositories in DEFAULT mode.
2024-12-30T14:10:25.936-08:00  INFO 55335 --- [SpringProject] [main] .s.d.r.c.RepositoryConfigurationDelegate : Finished Spring Data repository scanning in 11 ms. Found 5 JPA repository interfaces.
2024-12-30T14:10:26.237-08:00  INFO 55335 --- [SpringProject] [main] o.s.b.w.embedded.tomcat.TomcatWebServer  : Tomcat initialized with port 8080 (http)
2024-12-30T14:10:26.244-08:00  INFO 55335 --- [SpringProject] [main] o.apache.catalina.core.StandardService   : Starting service [Tomcat]
2024-12-30T14:10:26.244-08:00  INFO 55335 --- [SpringProject] [main] o.apache.catalina.core.StandardEngine    : Starting Servlet engine: [Apache Tomcat/10.1.34]
2024-12-30T14:10:26.264-08:00  INFO 55335 --- [SpringProject] [main] o.a.c.c.C.[Tomcat].[localhost].[/]       : Initializing Spring embedded WebApplicationContext
2024-12-30T14:10:26.265-08:00  INFO 55335 --- [SpringProject] [main] w.s.c.ServletWebServerApplicationContext : Root WebApplicationContext: initialization completed in 666 ms
2024-12-30T14:10:26.356-08:00  INFO 55335 --- [SpringProject] [main] com.zaxxer.hikari.HikariDataSource       : HikariPool-1 - Starting...
2024-12-30T14:10:26.603-08:00  INFO 55335 --- [SpringProject] [main] com.zaxxer.hikari.pool.HikariPool        : HikariPool-1 - Added connection com.mysql.cj.jdbc.ConnectionImpl@54a056e4
2024-12-30T14:10:26.604-08:00  INFO 55335 --- [SpringProject] [main] com.zaxxer.hikari.HikariDataSource       : HikariPool-1 - Start completed.
2024-12-30T14:10:26.631-08:00  INFO 55335 --- [SpringProject] [main] o.hibernate.jpa.internal.util.LogHelper  : HHH000204: Processing PersistenceUnitInfo [name: default]
2024-12-30T14:10:26.661-08:00  INFO 55335 --- [SpringProject] [main] org.hibernate.Version                    : HHH000412: Hibernate ORM core version 6.6.4.Final
2024-12-30T14:10:26.704-08:00  INFO 55335 --- [SpringProject] [main] o.h.c.internal.RegionFactoryInitiator    : HHH000026: Second-level cache disabled
2024-12-30T14:10:26.831-08:00  INFO 55335 --- [SpringProject] [main] o.s.o.j.p.SpringPersistenceUnitInfo      : No LoadTimeWeaver setup: ignoring JPA class transformer
2024-12-30T14:10:26.902-08:00  INFO 55335 --- [SpringProject] [main] org.hibernate.orm.connections.pooling    : HHH10001005: Database info:
	Database JDBC URL [Connecting through datasource 'HikariDataSource (HikariPool-1)']
	Database driver: undefined/unknown
	Database version: 8.0.40
	Autocommit mode: undefined/unknown
	Isolation level: undefined/unknown
	Minimum pool size: undefined/unknown
	Maximum pool size: undefined/unknown
2024-12-30T14:10:27.292-08:00  INFO 55335 --- [SpringProject] [main] o.h.e.t.j.p.i.JtaPlatformInitiator       : HHH000489: No JTA platform available (set 'hibernate.transaction.jta.platform' to enable JTA platform integration)
2024-12-30T14:10:27.294-08:00  INFO 55335 --- [SpringProject] [main] j.LocalContainerEntityManagerFactoryBean : Initialized JPA EntityManagerFactory for persistence unit 'default'
2024-12-30T14:10:27.495-08:00  INFO 55335 --- [SpringProject] [main] o.s.d.j.r.query.QueryEnhancerFactory     : Hibernate is in classpath; If applicable, HQL parser will be used.
2024-12-30T14:10:27.898-08:00  WARN 55335 --- [SpringProject] [main] JpaBaseConfiguration$JpaWebConfiguration : spring.jpa.open-in-view is enabled by default. Therefore, database queries may be performed during view rendering. Explicitly configure spring.jpa.open-in-view to disable this warning
2024-12-30T14:10:27.943-08:00  INFO 55335 --- [SpringProject] [main] r$InitializeUserDetailsManagerConfigurer : Global AuthenticationManager configured with UserDetailsService bean with name customUserDetailsService
2024-12-30T14:10:28.359-08:00  INFO 55335 --- [SpringProject] [main] o.s.b.w.embedded.tomcat.TomcatWebServer  : Tomcat started on port 8080 (http) with context path '/'
2024-12-30T14:10:28.364-08:00  INFO 55335 --- [SpringProject] [main] c.example.demo.SpringProjectApplication  : Started SpringProjectApplication in 2.99 seconds (process running for 3.348)
2024-12-30T14:10:32.539-08:00  INFO 55335 --- [SpringProject] [http-nio-8080-exec-1] o.a.c.c.C.[Tomcat].[localhost].[/]       : Initializing Spring DispatcherServlet 'dispatcherServlet'
2024-12-30T14:10:32.540-08:00  INFO 55335 --- [SpringProject] [http-nio-8080-exec-1] o.s.web.servlet.DispatcherServlet        : Initializing Servlet 'dispatcherServlet'
2024-12-30T14:10:32.542-08:00  INFO 55335 --- [SpringProject] [http-nio-8080-exec-1] o.s.web.servlet.DispatcherServlet        : Completed initialization in 2 ms
2024-12-30T14:10:32.564-08:00  WARN 55335 --- [SpringProject] [http-nio-8080-exec-1] .w.s.m.s.DefaultHandlerExceptionResolver : Resolved [org.springframework.web.HttpRequestMethodNotSupportedException: Request method 'POST' is not supported]
2024-12-30T14:10:43.272-08:00  WARN 55335 --- [SpringProject] [http-nio-8080-exec-3] .w.s.m.s.DefaultHandlerExceptionResolver : Resolved [org.springframework.web.HttpRequestMethodNotSupportedException: Request method 'POST' is not supported]
2024-12-30T14:10:53.378-08:00  INFO 55335 --- [SpringProject] [SpringApplicationShutdownHook] o.s.b.w.e.tomcat.GracefulShutdown        : Commencing graceful shutdown. Waiting for active requests to complete
2024-12-30T14:10:53.381-08:00  INFO 55335 --- [SpringProject] [tomcat-shutdown] o.s.b.w.e.tomcat.GracefulShutdown        : Graceful shutdown complete
2024-12-30T14:10:53.386-08:00  INFO 55335 --- [SpringProject] [SpringApplicationShutdownHook] j.LocalContainerEntityManagerFactoryBean : Closing JPA EntityManagerFactory for persistence unit 'default'
2024-12-30T14:10:53.389-08:00  INFO 55335 --- [SpringProject] [SpringApplicationShutdownHook] com.zaxxer.hikari.HikariDataSource       : HikariPool-1 - Shutdown initiated...
2024-12-30T14:10:53.396-08:00  INFO 55335 --- [SpringProject] [SpringApplicationShutdownHook] com.zaxxer.hikari.HikariDataSource       : HikariPool-1 - Shutdown completed.
2024-12-30T14:23:11.023-08:00  INFO 55640 --- [SpringProject] [main] c.example.demo.SpringProjectApplication  : Starting SpringProjectApplication using Java 22.0.2 with PID 55640 (/Users/sid/Spring/NoBS/target/classes started by sid in /Users/sid/Spring/NoBS)
2024-12-30T14:23:11.024-08:00  INFO 55640 --- [SpringProject] [main] c.example.demo.SpringProjectApplication  : No active profile set, falling back to 1 default profile: "default"
2024-12-30T14:23:11.354-08:00  INFO 55640 --- [SpringProject] [main] .s.d.r.c.RepositoryConfigurationDelegate : Multiple Spring Data modules found, entering strict repository configuration mode
2024-12-30T14:23:11.355-08:00  INFO 55640 --- [SpringProject] [main] .s.d.r.c.RepositoryConfigurationDelegate : Bootstrapping Spring Data JDBC repositories in DEFAULT mode.
2024-12-30T14:23:11.369-08:00  INFO 55640 --- [SpringProject] [main] .RepositoryConfigurationExtensionSupport : Spring Data JDBC - Could not safely identify store assignment for repository candidate interface com.example.demo.CatFactEntity.CatFactRepository; If you want this repository to be a JDBC repository, consider annotating your entities with one of these annotations: org.springframework.data.relational.core.mapping.Table.
2024-12-30T14:23:11.370-08:00  INFO 55640 --- [SpringProject] [main] .RepositoryConfigurationExtensionSupport : Spring Data JDBC - Could not safely identify store assignment for repository candidate interface com.example.demo.customer.repository.CustomerRepository; If you want this repository to be a JDBC repository, consider annotating your entities with one of these annotations: org.springframework.data.relational.core.mapping.Table.
2024-12-30T14:23:11.371-08:00  INFO 55640 --- [SpringProject] [main] .RepositoryConfigurationExtensionSupport : Spring Data JDBC - Could not safely identify store assignment for repository candidate interface com.example.demo.order.OrderRepository; If you want this repository to be a JDBC repository, consider annotating your entities with one of these annotations: org.springframework.data.relational.core.mapping.Table.
2024-12-30T14:23:11.371-08:00  INFO 55640 --- [SpringProject] [main] .RepositoryConfigurationExtensionSupport : Spring Data JDBC - Could not safely identify store assignment for repository candidate interface com.example.demo.product.repository.ProductRepository; If you want this repository to be a JDBC repository, consider annotating your entities with one of these annotations: org.springframework.data.relational.core.mapping.Table.
2024-12-30T14:23:11.372-08:00  INFO 55640 --- [SpringProject] [main] .RepositoryConfigurationExtensionSupport : Spring Data JDBC - Could not safely identify store assignment for repository candidate interface com.example.demo.user.UserRepository; If you want this repository to be a JDBC repository, consider annotating your entities with one of these annotations: org.springframework.data.relational.core.mapping.Table.
2024-12-30T14:23:11.372-08:00  INFO 55640 --- [SpringProject] [main] .s.d.r.c.RepositoryConfigurationDelegate : Finished Spring Data repository scanning in 15 ms. Found 0 JDBC repository interfaces.
2024-12-30T14:23:11.377-08:00  INFO 55640 --- [SpringProject] [main] .s.d.r.c.RepositoryConfigurationDelegate : Multiple Spring Data modules found, entering strict repository configuration mode
2024-12-30T14:23:11.378-08:00  INFO 55640 --- [SpringProject] [main] .s.d.r.c.RepositoryConfigurationDelegate : Bootstrapping Spring Data JPA repositories in DEFAULT mode.
2024-12-30T14:23:11.391-08:00  INFO 55640 --- [SpringProject] [main] .s.d.r.c.RepositoryConfigurationDelegate : Finished Spring Data repository scanning in 11 ms. Found 5 JPA repository interfaces.
2024-12-30T14:23:11.744-08:00  INFO 55640 --- [SpringProject] [main] o.s.b.w.embedded.tomcat.TomcatWebServer  : Tomcat initialized with port 8080 (http)
2024-12-30T14:23:11.754-08:00  INFO 55640 --- [SpringProject] [main] o.apache.catalina.core.StandardService   : Starting service [Tomcat]
2024-12-30T14:23:11.755-08:00  INFO 55640 --- [SpringProject] [main] o.apache.catalina.core.StandardEngine    : Starting Servlet engine: [Apache Tomcat/10.1.34]
2024-12-30T14:23:11.798-08:00  INFO 55640 --- [SpringProject] [main] o.a.c.c.C.[Tomcat].[localhost].[/]       : Initializing Spring embedded WebApplicationContext
2024-12-30T14:23:11.799-08:00  INFO 55640 --- [SpringProject] [main] w.s.c.ServletWebServerApplicationContext : Root WebApplicationContext: initialization completed in 751 ms
2024-12-30T14:23:11.882-08:00  INFO 55640 --- [SpringProject] [main] com.zaxxer.hikari.HikariDataSource       : HikariPool-1 - Starting...
2024-12-30T14:23:12.098-08:00  INFO 55640 --- [SpringProject] [main] com.zaxxer.hikari.pool.HikariPool        : HikariPool-1 - Added connection com.mysql.cj.jdbc.ConnectionImpl@53bb71e5
2024-12-30T14:23:12.099-08:00  INFO 55640 --- [SpringProject] [main] com.zaxxer.hikari.HikariDataSource       : HikariPool-1 - Start completed.
2024-12-30T14:23:12.124-08:00  INFO 55640 --- [SpringProject] [main] o.hibernate.jpa.internal.util.LogHelper  : HHH000204: Processing PersistenceUnitInfo [name: default]
2024-12-30T14:23:12.152-08:00  INFO 55640 --- [SpringProject] [main] org.hibernate.Version                    : HHH000412: Hibernate ORM core version 6.6.4.Final
2024-12-30T14:23:12.167-08:00  INFO 55640 --- [SpringProject] [main] o.h.c.internal.RegionFactoryInitiator    : HHH000026: Second-level cache disabled
2024-12-30T14:23:12.283-08:00  INFO 55640 --- [SpringProject] [main] o.s.o.j.p.SpringPersistenceUnitInfo      : No LoadTimeWeaver setup: ignoring JPA class transformer
2024-12-30T14:23:12.351-08:00  INFO 55640 --- [SpringProject] [main] org.hibernate.orm.connections.pooling    : HHH10001005: Database info:
	Database JDBC URL [Connecting through datasource 'HikariDataSource (HikariPool-1)']
	Database driver: undefined/unknown
	Database version: 8.0.40
	Autocommit mode: undefined/unknown
	Isolation level: undefined/unknown
	Minimum pool size: undefined/unknown
	Maximum pool size: undefined/unknown
2024-12-30T14:23:12.742-08:00  INFO 55640 --- [SpringProject] [main] o.h.e.t.j.p.i.JtaPlatformInitiator       : HHH000489: No JTA platform available (set 'hibernate.transaction.jta.platform' to enable JTA platform integration)
2024-12-30T14:23:12.743-08:00  INFO 55640 --- [SpringProject] [main] j.LocalContainerEntityManagerFactoryBean : Initialized JPA EntityManagerFactory for persistence unit 'default'
2024-12-30T14:23:12.946-08:00  INFO 55640 --- [SpringProject] [main] o.s.d.j.r.query.QueryEnhancerFactory     : Hibernate is in classpath; If applicable, HQL parser will be used.
2024-12-30T14:23:13.385-08:00  WARN 55640 --- [SpringProject] [main] JpaBaseConfiguration$JpaWebConfiguration : spring.jpa.open-in-view is enabled by default. Therefore, database queries may be performed during view rendering. Explicitly configure spring.jpa.open-in-view to disable this warning
2024-12-30T14:23:13.434-08:00  INFO 55640 --- [SpringProject] [main] r$InitializeUserDetailsManagerConfigurer : Global AuthenticationManager configured with UserDetailsService bean with name customUserDetailsService
2024-12-30T14:23:13.860-08:00  INFO 55640 --- [SpringProject] [main] o.s.b.w.embedded.tomcat.TomcatWebServer  : Tomcat started on port 8080 (http) with context path '/'
2024-12-30T14:23:13.866-08:00  INFO 55640 --- [SpringProject] [main] c.example.demo.SpringProjectApplication  : Started SpringProjectApplication in 3.069 seconds (process running for 3.42)
2024-12-30T14:23:14.278-08:00  INFO 55640 --- [SpringProject] [http-nio-8080-exec-1] o.a.c.c.C.[Tomcat].[localhost].[/]       : Initializing Spring DispatcherServlet 'dispatcherServlet'
2024-12-30T14:23:14.278-08:00  INFO 55640 --- [SpringProject] [http-nio-8080-exec-1] o.s.web.servlet.DispatcherServlet        : Initializing Servlet 'dispatcherServlet'
2024-12-30T14:23:14.279-08:00  INFO 55640 --- [SpringProject] [http-nio-8080-exec-1] o.s.web.servlet.DispatcherServlet        : Completed initialization in 1 ms
2024-12-30T14:23:44.365-08:00  INFO 55640 --- [SpringProject] [SpringApplicationShutdownHook] o.s.b.w.e.tomcat.GracefulShutdown        : Commencing graceful shutdown. Waiting for active requests to complete
2024-12-30T14:23:44.368-08:00  INFO 55640 --- [SpringProject] [tomcat-shutdown] o.s.b.w.e.tomcat.GracefulShutdown        : Graceful shutdown complete
2024-12-30T14:23:44.373-08:00  INFO 55640 --- [SpringProject] [SpringApplicationShutdownHook] j.LocalContainerEntityManagerFactoryBean : Closing JPA EntityManagerFactory for persistence unit 'default'
2024-12-30T14:23:44.376-08:00  INFO 55640 --- [SpringProject] [SpringApplicationShutdownHook] com.zaxxer.hikari.HikariDataSource       : HikariPool-1 - Shutdown initiated...
2024-12-30T14:23:44.381-08:00  INFO 55640 --- [SpringProject] [SpringApplicationShutdownHook] com.zaxxer.hikari.HikariDataSource       : HikariPool-1 - Shutdown completed.
2024-12-30T14:33:16.966-08:00  INFO 55857 --- [SpringProject] [main] c.example.demo.SpringProjectApplication  : Starting SpringProjectApplication using Java 22.0.2 with PID 55857 (/Users/sid/Spring/NoBS/target/classes started by sid in /Users/sid/Spring/NoBS)
2024-12-30T14:33:16.968-08:00  INFO 55857 --- [SpringProject] [main] c.example.demo.SpringProjectApplication  : No active profile set, falling back to 1 default profile: "default"
2024-12-30T14:33:17.284-08:00  INFO 55857 --- [SpringProject] [main] .s.d.r.c.RepositoryConfigurationDelegate : Multiple Spring Data modules found, entering strict repository configuration mode
2024-12-30T14:33:17.284-08:00  INFO 55857 --- [SpringProject] [main] .s.d.r.c.RepositoryConfigurationDelegate : Bootstrapping Spring Data JDBC repositories in DEFAULT mode.
2024-12-30T14:33:17.298-08:00  INFO 55857 --- [SpringProject] [main] .RepositoryConfigurationExtensionSupport : Spring Data JDBC - Could not safely identify store assignment for repository candidate interface com.example.demo.CatFactEntity.CatFactRepository; If you want this repository to be a JDBC repository, consider annotating your entities with one of these annotations: org.springframework.data.relational.core.mapping.Table.
2024-12-30T14:33:17.299-08:00  INFO 55857 --- [SpringProject] [main] .RepositoryConfigurationExtensionSupport : Spring Data JDBC - Could not safely identify store assignment for repository candidate interface com.example.demo.customer.repository.CustomerRepository; If you want this repository to be a JDBC repository, consider annotating your entities with one of these annotations: org.springframework.data.relational.core.mapping.Table.
2024-12-30T14:33:17.299-08:00  INFO 55857 --- [SpringProject] [main] .RepositoryConfigurationExtensionSupport : Spring Data JDBC - Could not safely identify store assignment for repository candidate interface com.example.demo.order.OrderRepository; If you want this repository to be a JDBC repository, consider annotating your entities with one of these annotations: org.springframework.data.relational.core.mapping.Table.
2024-12-30T14:33:17.300-08:00  INFO 55857 --- [SpringProject] [main] .RepositoryConfigurationExtensionSupport : Spring Data JDBC - Could not safely identify store assignment for repository candidate interface com.example.demo.product.repository.ProductRepository; If you want this repository to be a JDBC repository, consider annotating your entities with one of these annotations: org.springframework.data.relational.core.mapping.Table.
2024-12-30T14:33:17.300-08:00  INFO 55857 --- [SpringProject] [main] .RepositoryConfigurationExtensionSupport : Spring Data JDBC - Could not safely identify store assignment for repository candidate interface com.example.demo.user.UserRepository; If you want this repository to be a JDBC repository, consider annotating your entities with one of these annotations: org.springframework.data.relational.core.mapping.Table.
2024-12-30T14:33:17.300-08:00  INFO 55857 --- [SpringProject] [main] .s.d.r.c.RepositoryConfigurationDelegate : Finished Spring Data repository scanning in 13 ms. Found 0 JDBC repository interfaces.
2024-12-30T14:33:17.306-08:00  INFO 55857 --- [SpringProject] [main] .s.d.r.c.RepositoryConfigurationDelegate : Multiple Spring Data modules found, entering strict repository configuration mode
2024-12-30T14:33:17.306-08:00  INFO 55857 --- [SpringProject] [main] .s.d.r.c.RepositoryConfigurationDelegate : Bootstrapping Spring Data JPA repositories in DEFAULT mode.
2024-12-30T14:33:17.320-08:00  INFO 55857 --- [SpringProject] [main] .s.d.r.c.RepositoryConfigurationDelegate : Finished Spring Data repository scanning in 12 ms. Found 5 JPA repository interfaces.
2024-12-30T14:33:17.615-08:00  INFO 55857 --- [SpringProject] [main] o.s.b.w.embedded.tomcat.TomcatWebServer  : Tomcat initialized with port 8080 (http)
2024-12-30T14:33:17.623-08:00  INFO 55857 --- [SpringProject] [main] o.apache.catalina.core.StandardService   : Starting service [Tomcat]
2024-12-30T14:33:17.623-08:00  INFO 55857 --- [SpringProject] [main] o.apache.catalina.core.StandardEngine    : Starting Servlet engine: [Apache Tomcat/10.1.34]
2024-12-30T14:33:17.644-08:00  INFO 55857 --- [SpringProject] [main] o.a.c.c.C.[Tomcat].[localhost].[/]       : Initializing Spring embedded WebApplicationContext
2024-12-30T14:33:17.645-08:00  INFO 55857 --- [SpringProject] [main] w.s.c.ServletWebServerApplicationContext : Root WebApplicationContext: initialization completed in 657 ms
2024-12-30T14:33:17.728-08:00  INFO 55857 --- [SpringProject] [main] com.zaxxer.hikari.HikariDataSource       : HikariPool-1 - Starting...
2024-12-30T14:33:17.942-08:00  INFO 55857 --- [SpringProject] [main] com.zaxxer.hikari.pool.HikariPool        : HikariPool-1 - Added connection com.mysql.cj.jdbc.ConnectionImpl@7cd3e0da
2024-12-30T14:33:17.943-08:00  INFO 55857 --- [SpringProject] [main] com.zaxxer.hikari.HikariDataSource       : HikariPool-1 - Start completed.
2024-12-30T14:33:17.969-08:00  INFO 55857 --- [SpringProject] [main] o.hibernate.jpa.internal.util.LogHelper  : HHH000204: Processing PersistenceUnitInfo [name: default]
2024-12-30T14:33:17.997-08:00  INFO 55857 --- [SpringProject] [main] org.hibernate.Version                    : HHH000412: Hibernate ORM core version 6.6.4.Final
2024-12-30T14:33:18.012-08:00  INFO 55857 --- [SpringProject] [main] o.h.c.internal.RegionFactoryInitiator    : HHH000026: Second-level cache disabled
2024-12-30T14:33:18.128-08:00  INFO 55857 --- [SpringProject] [main] o.s.o.j.p.SpringPersistenceUnitInfo      : No LoadTimeWeaver setup: ignoring JPA class transformer
2024-12-30T14:33:18.201-08:00  INFO 55857 --- [SpringProject] [main] org.hibernate.orm.connections.pooling    : HHH10001005: Database info:
	Database JDBC URL [Connecting through datasource 'HikariDataSource (HikariPool-1)']
	Database driver: undefined/unknown
	Database version: 8.0.40
	Autocommit mode: undefined/unknown
	Isolation level: undefined/unknown
	Minimum pool size: undefined/unknown
	Maximum pool size: undefined/unknown
2024-12-30T14:33:18.617-08:00  INFO 55857 --- [SpringProject] [main] o.h.e.t.j.p.i.JtaPlatformInitiator       : HHH000489: No JTA platform available (set 'hibernate.transaction.jta.platform' to enable JTA platform integration)
2024-12-30T14:33:18.619-08:00  INFO 55857 --- [SpringProject] [main] j.LocalContainerEntityManagerFactoryBean : Initialized JPA EntityManagerFactory for persistence unit 'default'
2024-12-30T14:33:18.814-08:00  INFO 55857 --- [SpringProject] [main] o.s.d.j.r.query.QueryEnhancerFactory     : Hibernate is in classpath; If applicable, HQL parser will be used.
2024-12-30T14:33:19.224-08:00  WARN 55857 --- [SpringProject] [main] JpaBaseConfiguration$JpaWebConfiguration : spring.jpa.open-in-view is enabled by default. Therefore, database queries may be performed during view rendering. Explicitly configure spring.jpa.open-in-view to disable this warning
2024-12-30T14:33:19.267-08:00  INFO 55857 --- [SpringProject] [main] r$InitializeUserDetailsManagerConfigurer : Global AuthenticationManager configured with UserDetailsService bean with name customUserDetailsService
2024-12-30T14:33:19.701-08:00  INFO 55857 --- [SpringProject] [main] o.s.b.w.embedded.tomcat.TomcatWebServer  : Tomcat started on port 8080 (http) with context path '/'
2024-12-30T14:33:19.708-08:00  INFO 55857 --- [SpringProject] [main] c.example.demo.SpringProjectApplication  : Started SpringProjectApplication in 3.046 seconds (process running for 3.514)
2024-12-30T14:33:19.774-08:00  INFO 55857 --- [SpringProject] [http-nio-8080-exec-2] o.a.c.c.C.[Tomcat].[localhost].[/]       : Initializing Spring DispatcherServlet 'dispatcherServlet'
2024-12-30T14:33:19.775-08:00  INFO 55857 --- [SpringProject] [http-nio-8080-exec-2] o.s.web.servlet.DispatcherServlet        : Initializing Servlet 'dispatcherServlet'
2024-12-30T14:33:19.775-08:00  INFO 55857 --- [SpringProject] [http-nio-8080-exec-2] o.s.web.servlet.DispatcherServlet        : Completed initialization in 0 ms
2024-12-30T14:34:01.720-08:00 ERROR 55857 --- [SpringProject] [http-nio-8080-exec-4] o.a.c.c.C.[.[.[/].[dispatcherServlet]    : Servlet.service() for servlet [dispatcherServlet] in context with path [] threw exception

io.jsonwebtoken.security.SignatureException: JWT signature does not match locally computed signature. JWT validity cannot be asserted and should not be trusted.
	at io.jsonwebtoken.impl.DefaultJwtParser.verifySignature(DefaultJwtParser.java:340) ~[jjwt-impl-0.12.6.jar:0.12.6]
	at io.jsonwebtoken.impl.DefaultJwtParser.parse(DefaultJwtParser.java:579) ~[jjwt-impl-0.12.6.jar:0.12.6]
	at io.jsonwebtoken.impl.DefaultJwtParser.parse(DefaultJwtParser.java:364) ~[jjwt-impl-0.12.6.jar:0.12.6]
	at io.jsonwebtoken.impl.DefaultJwtParser.parse(DefaultJwtParser.java:94) ~[jjwt-impl-0.12.6.jar:0.12.6]
	at io.jsonwebtoken.impl.io.AbstractParser.parse(AbstractParser.java:36) ~[jjwt-impl-0.12.6.jar:0.12.6]
	at io.jsonwebtoken.impl.io.AbstractParser.parse(AbstractParser.java:29) ~[jjwt-impl-0.12.6.jar:0.12.6]
	at io.jsonwebtoken.impl.DefaultJwtParser.parseSignedClaims(DefaultJwtParser.java:830) ~[jjwt-impl-0.12.6.jar:0.12.6]
	at com.example.demo.security.jwt.JwtUtil.getClaims(JwtUtil.java:33) ~[classes/:na]
	at com.example.demo.security.jwt.JwtUtil.isExpired(JwtUtil.java:42) ~[classes/:na]
	at com.example.demo.security.jwt.JwtUtil.isTokenValid(JwtUtil.java:38) ~[classes/:na]
	at com.example.demo.security.jwt.JwtAuthenticationFilter.doFilterInternal(JwtAuthenticationFilter.java:25) ~[classes/:na]
	at org.springframework.web.filter.OncePerRequestFilter.doFilter(OncePerRequestFilter.java:116) ~[spring-web-6.2.1.jar:6.2.1]
	at org.springframework.security.web.FilterChainProxy$VirtualFilterChain.doFilter(FilterChainProxy.java:374) ~[spring-security-web-6.4.2.jar:6.4.2]
	at org.springframework.security.web.authentication.logout.LogoutFilter.doFilter(LogoutFilter.java:107) ~[spring-security-web-6.4.2.jar:6.4.2]
	at org.springframework.security.web.authentication.logout.LogoutFilter.doFilter(LogoutFilter.java:93) ~[spring-security-web-6.4.2.jar:6.4.2]
	at org.springframework.security.web.FilterChainProxy$VirtualFilterChain.doFilter(FilterChainProxy.java:374) ~[spring-security-web-6.4.2.jar:6.4.2]
	at org.springframework.security.web.header.HeaderWriterFilter.doHeadersAfter(HeaderWriterFilter.java:90) ~[spring-security-web-6.4.2.jar:6.4.2]
	at org.springframework.security.web.header.HeaderWriterFilter.doFilterInternal(HeaderWriterFilter.java:75) ~[spring-security-web-6.4.2.jar:6.4.2]
	at org.springframework.web.filter.OncePerRequestFilter.doFilter(OncePerRequestFilter.java:116) ~[spring-web-6.2.1.jar:6.2.1]
	at org.springframework.security.web.FilterChainProxy$VirtualFilterChain.doFilter(FilterChainProxy.java:374) ~[spring-security-web-6.4.2.jar:6.4.2]
	at org.springframework.security.web.context.SecurityContextHolderFilter.doFilter(SecurityContextHolderFilter.java:82) ~[spring-security-web-6.4.2.jar:6.4.2]
	at org.springframework.security.web.context.SecurityContextHolderFilter.doFilter(SecurityContextHolderFilter.java:69) ~[spring-security-web-6.4.2.jar:6.4.2]
	at org.springframework.security.web.FilterChainProxy$VirtualFilterChain.doFilter(FilterChainProxy.java:374) ~[spring-security-web-6.4.2.jar:6.4.2]
	at org.springframework.security.web.context.request.async.WebAsyncManagerIntegrationFilter.doFilterInternal(WebAsyncManagerIntegrationFilter.java:62) ~[spring-security-web-6.4.2.jar:6.4.2]
	at org.springframework.web.filter.OncePerRequestFilter.doFilter(OncePerRequestFilter.java:116) ~[spring-web-6.2.1.jar:6.2.1]
	at org.springframework.security.web.FilterChainProxy$VirtualFilterChain.doFilter(FilterChainProxy.java:374) ~[spring-security-web-6.4.2.jar:6.4.2]
	at org.springframework.security.web.session.DisableEncodeUrlFilter.doFilterInternal(DisableEncodeUrlFilter.java:42) ~[spring-security-web-6.4.2.jar:6.4.2]
	at org.springframework.web.filter.OncePerRequestFilter.doFilter(OncePerRequestFilter.java:116) ~[spring-web-6.2.1.jar:6.2.1]
	at org.springframework.security.web.FilterChainProxy$VirtualFilterChain.doFilter(FilterChainProxy.java:374) ~[spring-security-web-6.4.2.jar:6.4.2]
	at org.springframework.security.web.FilterChainProxy.doFilterInternal(FilterChainProxy.java:233) ~[spring-security-web-6.4.2.jar:6.4.2]
	at org.springframework.security.web.FilterChainProxy.doFilter(FilterChainProxy.java:191) ~[spring-security-web-6.4.2.jar:6.4.2]
	at org.springframework.web.filter.CompositeFilter$VirtualFilterChain.doFilter(CompositeFilter.java:113) ~[spring-web-6.2.1.jar:6.2.1]
	at org.springframework.web.servlet.handler.HandlerMappingIntrospector.lambda$createCacheFilter$3(HandlerMappingIntrospector.java:243) ~[spring-webmvc-6.2.1.jar:6.2.1]
	at org.springframework.web.filter.CompositeFilter$VirtualFilterChain.doFilter(CompositeFilter.java:113) ~[spring-web-6.2.1.jar:6.2.1]
	at org.springframework.web.filter.CompositeFilter.doFilter(CompositeFilter.java:74) ~[spring-web-6.2.1.jar:6.2.1]
	at org.springframework.security.config.annotation.web.configuration.WebMvcSecurityConfiguration$CompositeFilterChainProxy.doFilter(WebMvcSecurityConfiguration.java:238) ~[spring-security-config-6.4.2.jar:6.4.2]
	at org.springframework.web.filter.DelegatingFilterProxy.invokeDelegate(DelegatingFilterProxy.java:362) ~[spring-web-6.2.1.jar:6.2.1]
	at org.springframework.web.filter.DelegatingFilterProxy.doFilter(DelegatingFilterProxy.java:278) ~[spring-web-6.2.1.jar:6.2.1]
	at org.apache.catalina.core.ApplicationFilterChain.internalDoFilter(ApplicationFilterChain.java:164) ~[tomcat-embed-core-10.1.34.jar:10.1.34]
	at org.apache.catalina.core.ApplicationFilterChain.doFilter(ApplicationFilterChain.java:140) ~[tomcat-embed-core-10.1.34.jar:10.1.34]
	at org.springframework.web.filter.RequestContextFilter.doFilterInternal(RequestContextFilter.java:100) ~[spring-web-6.2.1.jar:6.2.1]
	at org.springframework.web.filter.OncePerRequestFilter.doFilter(OncePerRequestFilter.java:116) ~[spring-web-6.2.1.jar:6.2.1]
	at org.apache.catalina.core.ApplicationFilterChain.internalDoFilter(ApplicationFilterChain.java:164) ~[tomcat-embed-core-10.1.34.jar:10.1.34]
	at org.apache.catalina.core.ApplicationFilterChain.doFilter(ApplicationFilterChain.java:140) ~[tomcat-embed-core-10.1.34.jar:10.1.34]
	at org.springframework.web.filter.FormContentFilter.doFilterInternal(FormContentFilter.java:93) ~[spring-web-6.2.1.jar:6.2.1]
	at org.springframework.web.filter.OncePerRequestFilter.doFilter(OncePerRequestFilter.java:116) ~[spring-web-6.2.1.jar:6.2.1]
	at org.apache.catalina.core.ApplicationFilterChain.internalDoFilter(ApplicationFilterChain.java:164) ~[tomcat-embed-core-10.1.34.jar:10.1.34]
	at org.apache.catalina.core.ApplicationFilterChain.doFilter(ApplicationFilterChain.java:140) ~[tomcat-embed-core-10.1.34.jar:10.1.34]
	at org.springframework.web.filter.CharacterEncodingFilter.doFilterInternal(CharacterEncodingFilter.java:201) ~[spring-web-6.2.1.jar:6.2.1]
	at org.springframework.web.filter.OncePerRequestFilter.doFilter(OncePerRequestFilter.java:116) ~[spring-web-6.2.1.jar:6.2.1]
	at org.apache.catalina.core.ApplicationFilterChain.internalDoFilter(ApplicationFilterChain.java:164) ~[tomcat-embed-core-10.1.34.jar:10.1.34]
	at org.apache.catalina.core.ApplicationFilterChain.doFilter(ApplicationFilterChain.java:140) ~[tomcat-embed-core-10.1.34.jar:10.1.34]
	at org.apache.catalina.core.StandardWrapperValve.invoke(StandardWrapperValve.java:167) ~[tomcat-embed-core-10.1.34.jar:10.1.34]
	at org.apache.catalina.core.StandardContextValve.invoke(StandardContextValve.java:90) ~[tomcat-embed-core-10.1.34.jar:10.1.34]
	at org.apache.catalina.authenticator.AuthenticatorBase.invoke(AuthenticatorBase.java:483) ~[tomcat-embed-core-10.1.34.jar:10.1.34]
	at org.apache.catalina.core.StandardHostValve.invoke(StandardHostValve.java:115) ~[tomcat-embed-core-10.1.34.jar:10.1.34]
	at org.apache.catalina.valves.ErrorReportValve.invoke(ErrorReportValve.java:93) ~[tomcat-embed-core-10.1.34.jar:10.1.34]
	at org.apache.catalina.core.StandardEngineValve.invoke(StandardEngineValve.java:74) ~[tomcat-embed-core-10.1.34.jar:10.1.34]
	at org.apache.catalina.connector.CoyoteAdapter.service(CoyoteAdapter.java:344) ~[tomcat-embed-core-10.1.34.jar:10.1.34]
	at org.apache.coyote.http11.Http11Processor.service(Http11Processor.java:397) ~[tomcat-embed-core-10.1.34.jar:10.1.34]
	at org.apache.coyote.AbstractProcessorLight.process(AbstractProcessorLight.java:63) ~[tomcat-embed-core-10.1.34.jar:10.1.34]
	at org.apache.coyote.AbstractProtocol$ConnectionHandler.process(AbstractProtocol.java:905) ~[tomcat-embed-core-10.1.34.jar:10.1.34]
	at org.apache.tomcat.util.net.NioEndpoint$SocketProcessor.doRun(NioEndpoint.java:1741) ~[tomcat-embed-core-10.1.34.jar:10.1.34]
	at org.apache.tomcat.util.net.SocketProcessorBase.run(SocketProcessorBase.java:52) ~[tomcat-embed-core-10.1.34.jar:10.1.34]
	at org.apache.tomcat.util.threads.ThreadPoolExecutor.runWorker(ThreadPoolExecutor.java:1190) ~[tomcat-embed-core-10.1.34.jar:10.1.34]
	at org.apache.tomcat.util.threads.ThreadPoolExecutor$Worker.run(ThreadPoolExecutor.java:659) ~[tomcat-embed-core-10.1.34.jar:10.1.34]
	at org.apache.tomcat.util.threads.TaskThread$WrappingRunnable.run(TaskThread.java:63) ~[tomcat-embed-core-10.1.34.jar:10.1.34]
	at java.base/java.lang.Thread.run(Thread.java:1570) ~[na:na]

2024-12-30T14:34:11.587-08:00  INFO 55857 --- [SpringProject] [SpringApplicationShutdownHook] o.s.b.w.e.tomcat.GracefulShutdown        : Commencing graceful shutdown. Waiting for active requests to complete
2024-12-30T14:34:11.591-08:00  INFO 55857 --- [SpringProject] [tomcat-shutdown] o.s.b.w.e.tomcat.GracefulShutdown        : Graceful shutdown complete
2024-12-30T14:34:11.596-08:00  INFO 55857 --- [SpringProject] [SpringApplicationShutdownHook] j.LocalContainerEntityManagerFactoryBean : Closing JPA EntityManagerFactory for persistence unit 'default'
2024-12-30T14:34:11.600-08:00  INFO 55857 --- [SpringProject] [SpringApplicationShutdownHook] com.zaxxer.hikari.HikariDataSource       : HikariPool-1 - Shutdown initiated...
2024-12-30T14:34:11.608-08:00  INFO 55857 --- [SpringProject] [SpringApplicationShutdownHook] com.zaxxer.hikari.HikariDataSource       : HikariPool-1 - Shutdown completed.
